<?xml version="1.0" encoding="utf-8"?>
<CoverageSession>
  <Summary numSequencePoints="1114" visitedSequencePoints="11" numBranchPoints="402" visitedBranchPoints="0" sequenceCoverage="0.98" branchCoverage="0" maxCyclomaticComplexity="440" minCyclomaticComplexity="2" visitedClasses="3" numClasses="72" visitedMethods="4" numMethods="170" />
  <Modules>
    <Module hash="C91D559F-6FBF-4DB8-80C7-BA18AFC8BB12">
      <ModulePath>API.dll</ModulePath>
      <ModuleTime>2025-11-26T07:03:08</ModuleTime>
      <ModuleName>API</ModuleName>
      <Files>
        <File uid="1" fullPath="C:\Users\Premal Kadam\Documents\Device Monitoring Project\DeviceMonitoring\Backend\DeviceMonitoringProject\API\Program.cs" />
        <File uid="2" fullPath="C:\Users\Premal Kadam\Documents\Device Monitoring Project\DeviceMonitoring\Backend\DeviceMonitoringProject\API\Middleware\ExceptionMiddleware.cs" />
        <File uid="3" fullPath="C:\Users\Premal Kadam\Documents\Device Monitoring Project\DeviceMonitoring\Backend\DeviceMonitoringProject\API\Controllers\DeviceController.cs" />
      </Files>
      <Classes>
        <Class>
          <Summary numSequencePoints="48" visitedSequencePoints="0" numBranchPoints="2" visitedBranchPoints="0" sequenceCoverage="0" branchCoverage="0" maxCyclomaticComplexity="2" minCyclomaticComplexity="2" visitedClasses="0" numClasses="1" visitedMethods="0" numMethods="1" />
          <FullName>Program/&lt;&lt;Main&gt;$&gt;d__0</FullName>
          <Methods>
            <Method cyclomaticComplexity="2" nPathComplexity="2" sequenceCoverage="0" branchCoverage="0" isConstructor="False" isGetter="False" isSetter="False" isStatic="True">
              <Summary numSequencePoints="48" visitedSequencePoints="0" numBranchPoints="2" visitedBranchPoints="0" sequenceCoverage="0" branchCoverage="0" maxCyclomaticComplexity="2" minCyclomaticComplexity="2" visitedClasses="0" numClasses="0" visitedMethods="0" numMethods="1" />
              <MetadataToken />
              <Name>System.Void Program/&lt;&lt;Main&gt;$&gt;d__0::MoveNext()</Name>
              <FileRef uid="1" />
              <SequencePoints>
                <SequencePoint vc="0" uspid="15" ordinal="0" sl="15" sc="1" el="15" ec="2" bec="0" bev="0" fileid="1" />
                <SequencePoint vc="0" uspid="17" ordinal="1" sl="17" sc="1" el="17" ec="2" bec="0" bev="0" fileid="1" />
                <SequencePoint vc="0" uspid="18" ordinal="2" sl="18" sc="1" el="18" ec="2" bec="0" bev="0" fileid="1" />
                <SequencePoint vc="0" uspid="20" ordinal="3" sl="20" sc="1" el="20" ec="2" bec="0" bev="0" fileid="1" />
                <SequencePoint vc="0" uspid="21" ordinal="4" sl="21" sc="1" el="21" ec="2" bec="0" bev="0" fileid="1" />
                <SequencePoint vc="0" uspid="25" ordinal="5" sl="25" sc="1" el="25" ec="2" bec="0" bev="0" fileid="1" />
                <SequencePoint vc="0" uspid="30" ordinal="6" sl="30" sc="1" el="30" ec="2" bec="0" bev="0" fileid="1" />
                <SequencePoint vc="0" uspid="31" ordinal="7" sl="31" sc="1" el="31" ec="2" bec="0" bev="0" fileid="1" />
                <SequencePoint vc="0" uspid="32" ordinal="8" sl="32" sc="1" el="32" ec="2" bec="0" bev="0" fileid="1" />
                <SequencePoint vc="0" uspid="34" ordinal="9" sl="34" sc="1" el="34" ec="2" bec="0" bev="0" fileid="1" />
                <SequencePoint vc="0" uspid="35" ordinal="10" sl="35" sc="1" el="35" ec="2" bec="0" bev="0" fileid="1" />
                <SequencePoint vc="0" uspid="36" ordinal="11" sl="36" sc="1" el="36" ec="2" bec="0" bev="0" fileid="1" />
                <SequencePoint vc="0" uspid="37" ordinal="12" sl="37" sc="1" el="37" ec="2" bec="0" bev="0" fileid="1" />
                <SequencePoint vc="0" uspid="38" ordinal="13" sl="38" sc="1" el="38" ec="2" bec="0" bev="0" fileid="1" />
                <SequencePoint vc="0" uspid="39" ordinal="14" sl="39" sc="1" el="39" ec="2" bec="0" bev="0" fileid="1" />
                <SequencePoint vc="0" uspid="40" ordinal="15" sl="40" sc="1" el="40" ec="2" bec="0" bev="0" fileid="1" />
                <SequencePoint vc="0" uspid="41" ordinal="16" sl="41" sc="1" el="41" ec="2" bec="0" bev="0" fileid="1" />
                <SequencePoint vc="0" uspid="42" ordinal="17" sl="42" sc="1" el="42" ec="2" bec="0" bev="0" fileid="1" />
                <SequencePoint vc="0" uspid="43" ordinal="18" sl="43" sc="1" el="43" ec="2" bec="0" bev="0" fileid="1" />
                <SequencePoint vc="0" uspid="44" ordinal="19" sl="44" sc="1" el="44" ec="2" bec="0" bev="0" fileid="1" />
                <SequencePoint vc="0" uspid="45" ordinal="20" sl="45" sc="1" el="45" ec="2" bec="0" bev="0" fileid="1" />
                <SequencePoint vc="0" uspid="46" ordinal="21" sl="46" sc="1" el="46" ec="2" bec="0" bev="0" fileid="1" />
                <SequencePoint vc="0" uspid="47" ordinal="22" sl="47" sc="1" el="47" ec="2" bec="0" bev="0" fileid="1" />
                <SequencePoint vc="0" uspid="49" ordinal="23" sl="49" sc="1" el="49" ec="2" bec="0" bev="0" fileid="1" />
                <SequencePoint vc="0" uspid="51" ordinal="24" sl="51" sc="1" el="51" ec="2" bec="0" bev="0" fileid="1" />
                <SequencePoint vc="0" uspid="52" ordinal="25" sl="52" sc="1" el="52" ec="2" bec="0" bev="0" fileid="1" />
                <SequencePoint vc="0" uspid="53" ordinal="26" sl="53" sc="1" el="53" ec="2" bec="0" bev="0" fileid="1" />
                <SequencePoint vc="0" uspid="54" ordinal="27" sl="54" sc="1" el="54" ec="2" bec="0" bev="0" fileid="1" />
                <SequencePoint vc="0" uspid="55" ordinal="28" sl="55" sc="1" el="55" ec="2" bec="0" bev="0" fileid="1" />
                <SequencePoint vc="0" uspid="56" ordinal="29" sl="56" sc="1" el="56" ec="2" bec="0" bev="0" fileid="1" />
                <SequencePoint vc="0" uspid="57" ordinal="30" sl="57" sc="1" el="57" ec="2" bec="0" bev="0" fileid="1" />
                <SequencePoint vc="0" uspid="58" ordinal="31" sl="58" sc="1" el="58" ec="2" bec="0" bev="0" fileid="1" />
                <SequencePoint vc="0" uspid="59" ordinal="32" sl="59" sc="1" el="59" ec="2" bec="0" bev="0" fileid="1" />
                <SequencePoint vc="0" uspid="62" ordinal="33" sl="62" sc="1" el="62" ec="2" bec="0" bev="0" fileid="1" />
                <SequencePoint vc="0" uspid="63" ordinal="34" sl="63" sc="1" el="63" ec="2" bec="0" bev="0" fileid="1" />
                <SequencePoint vc="0" uspid="64" ordinal="35" sl="64" sc="1" el="64" ec="2" bec="0" bev="0" fileid="1" />
                <SequencePoint vc="0" uspid="66" ordinal="36" sl="66" sc="1" el="66" ec="2" bec="0" bev="0" fileid="1" />
                <SequencePoint vc="0" uspid="69" ordinal="37" sl="69" sc="1" el="69" ec="2" bec="2" bev="0" fileid="1" />
                <SequencePoint vc="0" uspid="70" ordinal="38" sl="70" sc="1" el="70" ec="2" bec="0" bev="0" fileid="1" />
                <SequencePoint vc="0" uspid="71" ordinal="39" sl="71" sc="1" el="71" ec="2" bec="0" bev="0" fileid="1" />
                <SequencePoint vc="0" uspid="72" ordinal="40" sl="72" sc="1" el="72" ec="2" bec="0" bev="0" fileid="1" />
                <SequencePoint vc="0" uspid="73" ordinal="41" sl="73" sc="1" el="73" ec="2" bec="0" bev="0" fileid="1" />
                <SequencePoint vc="0" uspid="75" ordinal="42" sl="75" sc="1" el="75" ec="2" bec="0" bev="0" fileid="1" />
                <SequencePoint vc="0" uspid="77" ordinal="43" sl="77" sc="1" el="77" ec="2" bec="0" bev="0" fileid="1" />
                <SequencePoint vc="0" uspid="79" ordinal="44" sl="79" sc="1" el="79" ec="2" bec="0" bev="0" fileid="1" />
                <SequencePoint vc="0" uspid="81" ordinal="45" sl="81" sc="1" el="81" ec="2" bec="0" bev="0" fileid="1" />
                <SequencePoint vc="0" uspid="83" ordinal="46" sl="83" sc="1" el="83" ec="2" bec="0" bev="0" fileid="1" />
                <SequencePoint vc="0" uspid="85" ordinal="47" sl="85" sc="1" el="85" ec="2" bec="0" bev="0" fileid="1" />
              </SequencePoints>
              <BranchPoints>
                <BranchPoint vc="0" uspid="69" ordinal="0" path="0" offset="509" offsetend="511" sl="69" fileid="1" />
                <BranchPoint vc="0" uspid="69" ordinal="1" path="1" offset="509" offsetend="539" sl="69" fileid="1" />
              </BranchPoints>
              <MethodPoint vc="0" uspid="0" p8:type="SequencePoint" ordinal="0" offset="0" sc="0" sl="15" ec="1" el="85" bec="0" bev="0" fileid="1" xmlns:p8="xsi" />
            </Method>
          </Methods>
        </Class>
        <Class>
          <Summary numSequencePoints="4" visitedSequencePoints="0" numBranchPoints="0" visitedBranchPoints="0" sequenceCoverage="0" branchCoverage="100" maxCyclomaticComplexity="1" minCyclomaticComplexity="1" visitedClasses="0" numClasses="1" visitedMethods="0" numMethods="1" />
          <FullName>API.Middleware.ExceptionMiddleware</FullName>
          <Methods>
            <Method cyclomaticComplexity="1" nPathComplexity="1" sequenceCoverage="0" branchCoverage="100" isConstructor="True" isGetter="False" isSetter="False" isStatic="True">
              <Summary numSequencePoints="4" visitedSequencePoints="0" numBranchPoints="0" visitedBranchPoints="0" sequenceCoverage="0" branchCoverage="100" maxCyclomaticComplexity="1" minCyclomaticComplexity="1" visitedClasses="0" numClasses="0" visitedMethods="0" numMethods="1" />
              <MetadataToken />
              <Name>System.Void API.Middleware.ExceptionMiddleware::.ctor(Microsoft.AspNetCore.Http.RequestDelegate)</Name>
              <FileRef uid="2" />
              <SequencePoints>
                <SequencePoint vc="0" uspid="10" ordinal="0" sl="10" sc="1" el="10" ec="2" bec="0" bev="0" fileid="2" />
                <SequencePoint vc="0" uspid="11" ordinal="1" sl="11" sc="1" el="11" ec="2" bec="0" bev="0" fileid="2" />
                <SequencePoint vc="0" uspid="12" ordinal="2" sl="12" sc="1" el="12" ec="2" bec="0" bev="0" fileid="2" />
                <SequencePoint vc="0" uspid="13" ordinal="3" sl="13" sc="1" el="13" ec="2" bec="0" bev="0" fileid="2" />
              </SequencePoints>
              <BranchPoints />
              <MethodPoint vc="0" uspid="0" p8:type="SequencePoint" ordinal="0" offset="0" sc="0" sl="10" ec="1" el="13" bec="0" bev="0" fileid="2" xmlns:p8="xsi" />
            </Method>
          </Methods>
        </Class>
        <Class>
          <Summary numSequencePoints="6" visitedSequencePoints="0" numBranchPoints="0" visitedBranchPoints="0" sequenceCoverage="0" branchCoverage="100" maxCyclomaticComplexity="1" minCyclomaticComplexity="1" visitedClasses="0" numClasses="1" visitedMethods="0" numMethods="1" />
          <FullName>API.Middleware.ExceptionMiddleware/&lt;HandleExceptionAsync&gt;d__3</FullName>
          <Methods>
            <Method cyclomaticComplexity="1" nPathComplexity="1" sequenceCoverage="0" branchCoverage="100" isConstructor="False" isGetter="False" isSetter="False" isStatic="True">
              <Summary numSequencePoints="6" visitedSequencePoints="0" numBranchPoints="0" visitedBranchPoints="0" sequenceCoverage="0" branchCoverage="100" maxCyclomaticComplexity="1" minCyclomaticComplexity="1" visitedClasses="0" numClasses="0" visitedMethods="0" numMethods="1" />
              <MetadataToken />
              <Name>System.Void API.Middleware.ExceptionMiddleware/&lt;HandleExceptionAsync&gt;d__3::MoveNext()</Name>
              <FileRef uid="2" />
              <SequencePoints>
                <SequencePoint vc="0" uspid="32" ordinal="0" sl="32" sc="1" el="32" ec="2" bec="0" bev="0" fileid="2" />
                <SequencePoint vc="0" uspid="33" ordinal="1" sl="33" sc="1" el="33" ec="2" bec="0" bev="0" fileid="2" />
                <SequencePoint vc="0" uspid="34" ordinal="2" sl="34" sc="1" el="34" ec="2" bec="0" bev="0" fileid="2" />
                <SequencePoint vc="0" uspid="36" ordinal="3" sl="36" sc="1" el="36" ec="2" bec="0" bev="0" fileid="2" />
                <SequencePoint vc="0" uspid="37" ordinal="4" sl="37" sc="1" el="37" ec="2" bec="0" bev="0" fileid="2" />
                <SequencePoint vc="0" uspid="38" ordinal="5" sl="38" sc="1" el="38" ec="2" bec="0" bev="0" fileid="2" />
              </SequencePoints>
              <BranchPoints />
              <MethodPoint vc="0" uspid="0" p8:type="SequencePoint" ordinal="0" offset="0" sc="0" sl="32" ec="1" el="38" bec="0" bev="0" fileid="2" xmlns:p8="xsi" />
            </Method>
          </Methods>
        </Class>
        <Class>
          <Summary numSequencePoints="13" visitedSequencePoints="0" numBranchPoints="0" visitedBranchPoints="0" sequenceCoverage="0" branchCoverage="100" maxCyclomaticComplexity="1" minCyclomaticComplexity="1" visitedClasses="0" numClasses="1" visitedMethods="0" numMethods="1" />
          <FullName>API.Middleware.ExceptionMiddleware/&lt;InvokeAsync&gt;d__2</FullName>
          <Methods>
            <Method cyclomaticComplexity="1" nPathComplexity="1" sequenceCoverage="0" branchCoverage="100" isConstructor="False" isGetter="False" isSetter="False" isStatic="True">
              <Summary numSequencePoints="13" visitedSequencePoints="0" numBranchPoints="0" visitedBranchPoints="0" sequenceCoverage="0" branchCoverage="100" maxCyclomaticComplexity="1" minCyclomaticComplexity="1" visitedClasses="0" numClasses="0" visitedMethods="0" numMethods="1" />
              <MetadataToken />
              <Name>System.Void API.Middleware.ExceptionMiddleware/&lt;InvokeAsync&gt;d__2::MoveNext()</Name>
              <FileRef uid="2" />
              <SequencePoints>
                <SequencePoint vc="0" uspid="16" ordinal="0" sl="16" sc="1" el="16" ec="2" bec="0" bev="0" fileid="2" />
                <SequencePoint vc="0" uspid="18" ordinal="1" sl="18" sc="1" el="18" ec="2" bec="0" bev="0" fileid="2" />
                <SequencePoint vc="0" uspid="19" ordinal="2" sl="19" sc="1" el="19" ec="2" bec="0" bev="0" fileid="2" />
                <SequencePoint vc="0" uspid="20" ordinal="3" sl="20" sc="1" el="20" ec="2" bec="0" bev="0" fileid="2" />
                <SequencePoint vc="0" uspid="21" ordinal="4" sl="21" sc="1" el="21" ec="2" bec="0" bev="0" fileid="2" />
                <SequencePoint vc="0" uspid="22" ordinal="5" sl="22" sc="1" el="22" ec="2" bec="0" bev="0" fileid="2" />
                <SequencePoint vc="0" uspid="23" ordinal="6" sl="23" sc="1" el="23" ec="2" bec="0" bev="0" fileid="2" />
                <SequencePoint vc="0" uspid="24" ordinal="7" sl="24" sc="1" el="24" ec="2" bec="0" bev="0" fileid="2" />
                <SequencePoint vc="0" uspid="25" ordinal="8" sl="25" sc="1" el="25" ec="2" bec="0" bev="0" fileid="2" />
                <SequencePoint vc="0" uspid="26" ordinal="9" sl="26" sc="1" el="26" ec="2" bec="0" bev="0" fileid="2" />
                <SequencePoint vc="0" uspid="27" ordinal="10" sl="27" sc="1" el="27" ec="2" bec="0" bev="0" fileid="2" />
                <SequencePoint vc="0" uspid="28" ordinal="11" sl="28" sc="1" el="28" ec="2" bec="0" bev="0" fileid="2" />
                <SequencePoint vc="0" uspid="29" ordinal="12" sl="29" sc="1" el="29" ec="2" bec="0" bev="0" fileid="2" />
              </SequencePoints>
              <BranchPoints />
              <MethodPoint vc="0" uspid="0" p8:type="SequencePoint" ordinal="0" offset="0" sc="0" sl="16" ec="1" el="29" bec="0" bev="0" fileid="2" xmlns:p8="xsi" />
            </Method>
          </Methods>
        </Class>
        <Class>
          <Summary numSequencePoints="63" visitedSequencePoints="5" numBranchPoints="0" visitedBranchPoints="0" sequenceCoverage="7.93" branchCoverage="100" maxCyclomaticComplexity="1" minCyclomaticComplexity="1" visitedClasses="1" numClasses="1" visitedMethods="1" numMethods="6" />
          <FullName>API.Controllers.DevicesController</FullName>
          <Methods>
            <Method cyclomaticComplexity="1" nPathComplexity="1" sequenceCoverage="0" branchCoverage="100" isConstructor="False" isGetter="False" isSetter="False" isStatic="True">
              <Summary numSequencePoints="16" visitedSequencePoints="0" numBranchPoints="0" visitedBranchPoints="0" sequenceCoverage="0" branchCoverage="100" maxCyclomaticComplexity="1" minCyclomaticComplexity="1" visitedClasses="0" numClasses="0" visitedMethods="0" numMethods="1" />
              <MetadataToken />
              <Name>Microsoft.AspNetCore.Mvc.IActionResult API.Controllers.DevicesController::GetSearchedDeviceMetadataPaginated(Application.Dtos.DeviceTopLevelSortOptions,System.String)</Name>
              <FileRef uid="3" />
              <SequencePoints>
                <SequencePoint vc="0" uspid="24" ordinal="0" sl="24" sc="1" el="24" ec="2" bec="0" bev="0" fileid="3" />
                <SequencePoint vc="0" uspid="25" ordinal="1" sl="25" sc="1" el="25" ec="2" bec="0" bev="0" fileid="3" />
                <SequencePoint vc="0" uspid="27" ordinal="2" sl="27" sc="1" el="27" ec="2" bec="0" bev="0" fileid="3" />
                <SequencePoint vc="0" uspid="28" ordinal="3" sl="28" sc="1" el="28" ec="2" bec="0" bev="0" fileid="3" />
                <SequencePoint vc="0" uspid="29" ordinal="4" sl="29" sc="1" el="29" ec="2" bec="0" bev="0" fileid="3" />
                <SequencePoint vc="0" uspid="30" ordinal="5" sl="30" sc="1" el="30" ec="2" bec="0" bev="0" fileid="3" />
                <SequencePoint vc="0" uspid="31" ordinal="6" sl="31" sc="1" el="31" ec="2" bec="0" bev="0" fileid="3" />
                <SequencePoint vc="0" uspid="32" ordinal="7" sl="32" sc="1" el="32" ec="2" bec="0" bev="0" fileid="3" />
                <SequencePoint vc="0" uspid="33" ordinal="8" sl="33" sc="1" el="33" ec="2" bec="0" bev="0" fileid="3" />
                <SequencePoint vc="0" uspid="34" ordinal="9" sl="34" sc="1" el="34" ec="2" bec="0" bev="0" fileid="3" />
                <SequencePoint vc="0" uspid="36" ordinal="10" sl="36" sc="1" el="36" ec="2" bec="0" bev="0" fileid="3" />
                <SequencePoint vc="0" uspid="37" ordinal="11" sl="37" sc="1" el="37" ec="2" bec="0" bev="0" fileid="3" />
                <SequencePoint vc="0" uspid="38" ordinal="12" sl="38" sc="1" el="38" ec="2" bec="0" bev="0" fileid="3" />
                <SequencePoint vc="0" uspid="39" ordinal="13" sl="39" sc="1" el="39" ec="2" bec="0" bev="0" fileid="3" />
                <SequencePoint vc="0" uspid="40" ordinal="14" sl="40" sc="1" el="40" ec="2" bec="0" bev="0" fileid="3" />
                <SequencePoint vc="0" uspid="41" ordinal="15" sl="41" sc="1" el="41" ec="2" bec="0" bev="0" fileid="3" />
              </SequencePoints>
              <BranchPoints />
              <MethodPoint vc="0" uspid="0" p8:type="SequencePoint" ordinal="0" offset="0" sc="0" sl="24" ec="1" el="41" bec="0" bev="0" fileid="3" xmlns:p8="xsi" />
            </Method>
            <Method cyclomaticComplexity="1" nPathComplexity="1" sequenceCoverage="0" branchCoverage="100" isConstructor="False" isGetter="False" isSetter="False" isStatic="True">
              <Summary numSequencePoints="17" visitedSequencePoints="0" numBranchPoints="0" visitedBranchPoints="0" sequenceCoverage="0" branchCoverage="100" maxCyclomaticComplexity="1" minCyclomaticComplexity="1" visitedClasses="0" numClasses="0" visitedMethods="0" numMethods="1" />
              <MetadataToken />
              <Name>Microsoft.AspNetCore.Mvc.IActionResult API.Controllers.DevicesController::GetDeviceMetadataPaginatedandSorted(Application.Dtos.DeviceTopLevelSortOptions)</Name>
              <FileRef uid="3" />
              <SequencePoints>
                <SequencePoint vc="0" uspid="45" ordinal="0" sl="45" sc="1" el="45" ec="2" bec="0" bev="0" fileid="3" />
                <SequencePoint vc="0" uspid="46" ordinal="1" sl="46" sc="1" el="46" ec="2" bec="0" bev="0" fileid="3" />
                <SequencePoint vc="0" uspid="48" ordinal="2" sl="48" sc="1" el="48" ec="2" bec="0" bev="0" fileid="3" />
                <SequencePoint vc="0" uspid="49" ordinal="3" sl="49" sc="1" el="49" ec="2" bec="0" bev="0" fileid="3" />
                <SequencePoint vc="0" uspid="50" ordinal="4" sl="50" sc="1" el="50" ec="2" bec="0" bev="0" fileid="3" />
                <SequencePoint vc="0" uspid="51" ordinal="5" sl="51" sc="1" el="51" ec="2" bec="0" bev="0" fileid="3" />
                <SequencePoint vc="0" uspid="52" ordinal="6" sl="52" sc="1" el="52" ec="2" bec="0" bev="0" fileid="3" />
                <SequencePoint vc="0" uspid="53" ordinal="7" sl="53" sc="1" el="53" ec="2" bec="0" bev="0" fileid="3" />
                <SequencePoint vc="0" uspid="54" ordinal="8" sl="54" sc="1" el="54" ec="2" bec="0" bev="0" fileid="3" />
                <SequencePoint vc="0" uspid="55" ordinal="9" sl="55" sc="1" el="55" ec="2" bec="0" bev="0" fileid="3" />
                <SequencePoint vc="0" uspid="56" ordinal="10" sl="56" sc="1" el="56" ec="2" bec="0" bev="0" fileid="3" />
                <SequencePoint vc="0" uspid="58" ordinal="11" sl="58" sc="1" el="58" ec="2" bec="0" bev="0" fileid="3" />
                <SequencePoint vc="0" uspid="59" ordinal="12" sl="59" sc="1" el="59" ec="2" bec="0" bev="0" fileid="3" />
                <SequencePoint vc="0" uspid="60" ordinal="13" sl="60" sc="1" el="60" ec="2" bec="0" bev="0" fileid="3" />
                <SequencePoint vc="0" uspid="61" ordinal="14" sl="61" sc="1" el="61" ec="2" bec="0" bev="0" fileid="3" />
                <SequencePoint vc="0" uspid="62" ordinal="15" sl="62" sc="1" el="62" ec="2" bec="0" bev="0" fileid="3" />
                <SequencePoint vc="0" uspid="63" ordinal="16" sl="63" sc="1" el="63" ec="2" bec="0" bev="0" fileid="3" />
              </SequencePoints>
              <BranchPoints />
              <MethodPoint vc="0" uspid="0" p8:type="SequencePoint" ordinal="1" offset="1" sc="0" sl="45" ec="1" el="63" bec="0" bev="0" fileid="3" xmlns:p8="xsi" />
            </Method>
            <Method cyclomaticComplexity="1" nPathComplexity="1" sequenceCoverage="0" branchCoverage="100" isConstructor="False" isGetter="False" isSetter="False" isStatic="True">
              <Summary numSequencePoints="17" visitedSequencePoints="0" numBranchPoints="0" visitedBranchPoints="0" sequenceCoverage="0" branchCoverage="100" maxCyclomaticComplexity="1" minCyclomaticComplexity="1" visitedClasses="0" numClasses="0" visitedMethods="0" numMethods="1" />
              <MetadataToken />
              <Name>Microsoft.AspNetCore.Mvc.IActionResult API.Controllers.DevicesController::GetDeviceMetadata()</Name>
              <FileRef uid="3" />
              <SequencePoints>
                <SequencePoint vc="0" uspid="67" ordinal="0" sl="67" sc="1" el="67" ec="2" bec="0" bev="0" fileid="3" />
                <SequencePoint vc="0" uspid="68" ordinal="1" sl="68" sc="1" el="68" ec="2" bec="0" bev="0" fileid="3" />
                <SequencePoint vc="0" uspid="70" ordinal="2" sl="70" sc="1" el="70" ec="2" bec="0" bev="0" fileid="3" />
                <SequencePoint vc="0" uspid="71" ordinal="3" sl="71" sc="1" el="71" ec="2" bec="0" bev="0" fileid="3" />
                <SequencePoint vc="0" uspid="72" ordinal="4" sl="72" sc="1" el="72" ec="2" bec="0" bev="0" fileid="3" />
                <SequencePoint vc="0" uspid="73" ordinal="5" sl="73" sc="1" el="73" ec="2" bec="0" bev="0" fileid="3" />
                <SequencePoint vc="0" uspid="74" ordinal="6" sl="74" sc="1" el="74" ec="2" bec="0" bev="0" fileid="3" />
                <SequencePoint vc="0" uspid="75" ordinal="7" sl="75" sc="1" el="75" ec="2" bec="0" bev="0" fileid="3" />
                <SequencePoint vc="0" uspid="76" ordinal="8" sl="76" sc="1" el="76" ec="2" bec="0" bev="0" fileid="3" />
                <SequencePoint vc="0" uspid="77" ordinal="9" sl="77" sc="1" el="77" ec="2" bec="0" bev="0" fileid="3" />
                <SequencePoint vc="0" uspid="78" ordinal="10" sl="78" sc="1" el="78" ec="2" bec="0" bev="0" fileid="3" />
                <SequencePoint vc="0" uspid="80" ordinal="11" sl="80" sc="1" el="80" ec="2" bec="0" bev="0" fileid="3" />
                <SequencePoint vc="0" uspid="81" ordinal="12" sl="81" sc="1" el="81" ec="2" bec="0" bev="0" fileid="3" />
                <SequencePoint vc="0" uspid="82" ordinal="13" sl="82" sc="1" el="82" ec="2" bec="0" bev="0" fileid="3" />
                <SequencePoint vc="0" uspid="83" ordinal="14" sl="83" sc="1" el="83" ec="2" bec="0" bev="0" fileid="3" />
                <SequencePoint vc="0" uspid="84" ordinal="15" sl="84" sc="1" el="84" ec="2" bec="0" bev="0" fileid="3" />
                <SequencePoint vc="0" uspid="85" ordinal="16" sl="85" sc="1" el="85" ec="2" bec="0" bev="0" fileid="3" />
              </SequencePoints>
              <BranchPoints />
              <MethodPoint vc="0" uspid="0" p8:type="SequencePoint" ordinal="2" offset="2" sc="0" sl="67" ec="1" el="85" bec="0" bev="0" fileid="3" xmlns:p8="xsi" />
            </Method>
            <Method cyclomaticComplexity="1" nPathComplexity="1" sequenceCoverage="0" branchCoverage="100" isConstructor="False" isGetter="False" isSetter="False" isStatic="True">
              <Summary numSequencePoints="4" visitedSequencePoints="0" numBranchPoints="0" visitedBranchPoints="0" sequenceCoverage="0" branchCoverage="100" maxCyclomaticComplexity="1" minCyclomaticComplexity="1" visitedClasses="0" numClasses="0" visitedMethods="0" numMethods="1" />
              <MetadataToken />
              <Name>Microsoft.AspNetCore.Mvc.IActionResult API.Controllers.DevicesController::GetAlarmToggle()</Name>
              <FileRef uid="3" />
              <SequencePoints>
                <SequencePoint vc="0" uspid="151" ordinal="0" sl="151" sc="1" el="151" ec="2" bec="0" bev="0" fileid="3" />
                <SequencePoint vc="0" uspid="152" ordinal="1" sl="152" sc="1" el="152" ec="2" bec="0" bev="0" fileid="3" />
                <SequencePoint vc="0" uspid="153" ordinal="2" sl="153" sc="1" el="153" ec="2" bec="0" bev="0" fileid="3" />
                <SequencePoint vc="0" uspid="154" ordinal="3" sl="154" sc="1" el="154" ec="2" bec="0" bev="0" fileid="3" />
              </SequencePoints>
              <BranchPoints />
              <MethodPoint vc="0" uspid="0" p8:type="SequencePoint" ordinal="3" offset="3" sc="0" sl="151" ec="1" el="154" bec="0" bev="0" fileid="3" xmlns:p8="xsi" />
            </Method>
            <Method cyclomaticComplexity="1" nPathComplexity="1" sequenceCoverage="0" branchCoverage="100" isConstructor="False" isGetter="False" isSetter="False" isStatic="True">
              <Summary numSequencePoints="4" visitedSequencePoints="0" numBranchPoints="0" visitedBranchPoints="0" sequenceCoverage="0" branchCoverage="100" maxCyclomaticComplexity="1" minCyclomaticComplexity="1" visitedClasses="0" numClasses="0" visitedMethods="0" numMethods="1" />
              <MetadataToken />
              <Name>Microsoft.AspNetCore.Mvc.IActionResult API.Controllers.DevicesController::SetAlarmToggle(System.Boolean)</Name>
              <FileRef uid="3" />
              <SequencePoints>
                <SequencePoint vc="0" uspid="158" ordinal="0" sl="158" sc="1" el="158" ec="2" bec="0" bev="0" fileid="3" />
                <SequencePoint vc="0" uspid="159" ordinal="1" sl="159" sc="1" el="159" ec="2" bec="0" bev="0" fileid="3" />
                <SequencePoint vc="0" uspid="160" ordinal="2" sl="160" sc="1" el="160" ec="2" bec="0" bev="0" fileid="3" />
                <SequencePoint vc="0" uspid="161" ordinal="3" sl="161" sc="1" el="161" ec="2" bec="0" bev="0" fileid="3" />
              </SequencePoints>
              <BranchPoints />
              <MethodPoint vc="0" uspid="0" p8:type="SequencePoint" ordinal="4" offset="4" sc="0" sl="158" ec="1" el="161" bec="0" bev="0" fileid="3" xmlns:p8="xsi" />
            </Method>
            <Method cyclomaticComplexity="1" nPathComplexity="1" sequenceCoverage="100" branchCoverage="100" isConstructor="True" isGetter="False" isSetter="False" isStatic="True">
              <Summary numSequencePoints="5" visitedSequencePoints="5" numBranchPoints="0" visitedBranchPoints="0" sequenceCoverage="100" branchCoverage="100" maxCyclomaticComplexity="1" minCyclomaticComplexity="1" visitedClasses="0" numClasses="0" visitedMethods="1" numMethods="1" />
              <MetadataToken />
              <Name>System.Void API.Controllers.DevicesController::.ctor(Application.Interfaces.IDeviceService,Application.Interface.IAlarmToggleService)</Name>
              <FileRef uid="3" />
              <SequencePoints>
                <SequencePoint vc="1" uspid="16" ordinal="0" sl="16" sc="1" el="16" ec="2" bec="0" bev="0" fileid="3" />
                <SequencePoint vc="1" uspid="17" ordinal="1" sl="17" sc="1" el="17" ec="2" bec="0" bev="0" fileid="3" />
                <SequencePoint vc="1" uspid="18" ordinal="2" sl="18" sc="1" el="18" ec="2" bec="0" bev="0" fileid="3" />
                <SequencePoint vc="1" uspid="19" ordinal="3" sl="19" sc="1" el="19" ec="2" bec="0" bev="0" fileid="3" />
                <SequencePoint vc="1" uspid="20" ordinal="4" sl="20" sc="1" el="20" ec="2" bec="0" bev="0" fileid="3" />
              </SequencePoints>
              <BranchPoints />
              <MethodPoint vc="5" uspid="0" p8:type="SequencePoint" ordinal="5" offset="5" sc="0" sl="16" ec="1" el="20" bec="0" bev="0" fileid="3" xmlns:p8="xsi" />
            </Method>
          </Methods>
        </Class>
        <Class>
          <Summary numSequencePoints="9" visitedSequencePoints="0" numBranchPoints="0" visitedBranchPoints="0" sequenceCoverage="0" branchCoverage="100" maxCyclomaticComplexity="1" minCyclomaticComplexity="1" visitedClasses="0" numClasses="1" visitedMethods="0" numMethods="1" />
          <FullName>API.Controllers.DevicesController/&lt;&gt;c</FullName>
          <Methods>
            <Method cyclomaticComplexity="1" nPathComplexity="1" sequenceCoverage="0" branchCoverage="100" isConstructor="False" isGetter="False" isSetter="False" isStatic="True">
              <Summary numSequencePoints="9" visitedSequencePoints="0" numBranchPoints="0" visitedBranchPoints="0" sequenceCoverage="0" branchCoverage="100" maxCyclomaticComplexity="1" minCyclomaticComplexity="1" visitedClasses="0" numClasses="0" visitedMethods="0" numMethods="1" />
              <MetadataToken />
              <Name>Application.Dtos.DeviceTopLevelData API.Controllers.DevicesController/&lt;&gt;c::&lt;GetRefreshedData&gt;b__6_0(Application.Dtos.DeviceMetadata)</Name>
              <FileRef uid="3" />
              <SequencePoints>
                <SequencePoint vc="0" uspid="92" ordinal="0" sl="92" sc="1" el="92" ec="2" bec="0" bev="0" fileid="3" />
                <SequencePoint vc="0" uspid="93" ordinal="1" sl="93" sc="1" el="93" ec="2" bec="0" bev="0" fileid="3" />
                <SequencePoint vc="0" uspid="94" ordinal="2" sl="94" sc="1" el="94" ec="2" bec="0" bev="0" fileid="3" />
                <SequencePoint vc="0" uspid="95" ordinal="3" sl="95" sc="1" el="95" ec="2" bec="0" bev="0" fileid="3" />
                <SequencePoint vc="0" uspid="96" ordinal="4" sl="96" sc="1" el="96" ec="2" bec="0" bev="0" fileid="3" />
                <SequencePoint vc="0" uspid="97" ordinal="5" sl="97" sc="1" el="97" ec="2" bec="0" bev="0" fileid="3" />
                <SequencePoint vc="0" uspid="98" ordinal="6" sl="98" sc="1" el="98" ec="2" bec="0" bev="0" fileid="3" />
                <SequencePoint vc="0" uspid="99" ordinal="7" sl="99" sc="1" el="99" ec="2" bec="0" bev="0" fileid="3" />
                <SequencePoint vc="0" uspid="100" ordinal="8" sl="100" sc="1" el="100" ec="2" bec="0" bev="0" fileid="3" />
              </SequencePoints>
              <BranchPoints />
              <MethodPoint vc="0" uspid="0" p8:type="SequencePoint" ordinal="0" offset="0" sc="0" sl="92" ec="1" el="100" bec="0" bev="0" fileid="3" xmlns:p8="xsi" />
            </Method>
          </Methods>
        </Class>
        <Class>
          <Summary numSequencePoints="4" visitedSequencePoints="4" numBranchPoints="0" visitedBranchPoints="0" sequenceCoverage="100" branchCoverage="100" maxCyclomaticComplexity="1" minCyclomaticComplexity="1" visitedClasses="1" numClasses="1" visitedMethods="1" numMethods="1" />
          <FullName>API.Controllers.DevicesController/&lt;GetDevicesNameMacIdList&gt;d__7</FullName>
          <Methods>
            <Method cyclomaticComplexity="1" nPathComplexity="1" sequenceCoverage="100" branchCoverage="100" isConstructor="False" isGetter="False" isSetter="False" isStatic="True">
              <Summary numSequencePoints="4" visitedSequencePoints="4" numBranchPoints="0" visitedBranchPoints="0" sequenceCoverage="100" branchCoverage="100" maxCyclomaticComplexity="1" minCyclomaticComplexity="1" visitedClasses="0" numClasses="0" visitedMethods="1" numMethods="1" />
              <MetadataToken />
              <Name>System.Void API.Controllers.DevicesController/&lt;GetDevicesNameMacIdList&gt;d__7::MoveNext()</Name>
              <FileRef uid="3" />
              <SequencePoints>
                <SequencePoint vc="1" uspid="111" ordinal="0" sl="111" sc="1" el="111" ec="2" bec="0" bev="0" fileid="3" />
                <SequencePoint vc="1" uspid="112" ordinal="1" sl="112" sc="1" el="112" ec="2" bec="0" bev="0" fileid="3" />
                <SequencePoint vc="1" uspid="114" ordinal="2" sl="114" sc="1" el="114" ec="2" bec="0" bev="0" fileid="3" />
                <SequencePoint vc="1" uspid="115" ordinal="3" sl="115" sc="1" el="115" ec="2" bec="0" bev="0" fileid="3" />
              </SequencePoints>
              <BranchPoints />
              <MethodPoint vc="4" uspid="0" p8:type="SequencePoint" ordinal="0" offset="0" sc="0" sl="111" ec="1" el="115" bec="0" bev="0" fileid="3" xmlns:p8="xsi" />
            </Method>
          </Methods>
        </Class>
        <Class>
          <Summary numSequencePoints="4" visitedSequencePoints="0" numBranchPoints="0" visitedBranchPoints="0" sequenceCoverage="0" branchCoverage="100" maxCyclomaticComplexity="1" minCyclomaticComplexity="1" visitedClasses="0" numClasses="1" visitedMethods="0" numMethods="1" />
          <FullName>API.Controllers.DevicesController/&lt;GetMacIdToFileNameMap&gt;d__8</FullName>
          <Methods>
            <Method cyclomaticComplexity="1" nPathComplexity="1" sequenceCoverage="0" branchCoverage="100" isConstructor="False" isGetter="False" isSetter="False" isStatic="True">
              <Summary numSequencePoints="4" visitedSequencePoints="0" numBranchPoints="0" visitedBranchPoints="0" sequenceCoverage="0" branchCoverage="100" maxCyclomaticComplexity="1" minCyclomaticComplexity="1" visitedClasses="0" numClasses="0" visitedMethods="0" numMethods="1" />
              <MetadataToken />
              <Name>System.Void API.Controllers.DevicesController/&lt;GetMacIdToFileNameMap&gt;d__8::MoveNext()</Name>
              <FileRef uid="3" />
              <SequencePoints>
                <SequencePoint vc="0" uspid="119" ordinal="0" sl="119" sc="1" el="119" ec="2" bec="0" bev="0" fileid="3" />
                <SequencePoint vc="0" uspid="120" ordinal="1" sl="120" sc="1" el="120" ec="2" bec="0" bev="0" fileid="3" />
                <SequencePoint vc="0" uspid="121" ordinal="2" sl="121" sc="1" el="121" ec="2" bec="0" bev="0" fileid="3" />
                <SequencePoint vc="0" uspid="122" ordinal="3" sl="122" sc="1" el="122" ec="2" bec="0" bev="0" fileid="3" />
              </SequencePoints>
              <BranchPoints />
              <MethodPoint vc="0" uspid="0" p8:type="SequencePoint" ordinal="0" offset="0" sc="0" sl="119" ec="1" el="122" bec="0" bev="0" fileid="3" xmlns:p8="xsi" />
            </Method>
          </Methods>
        </Class>
        <Class>
          <Summary numSequencePoints="8" visitedSequencePoints="0" numBranchPoints="0" visitedBranchPoints="0" sequenceCoverage="0" branchCoverage="100" maxCyclomaticComplexity="1" minCyclomaticComplexity="1" visitedClasses="0" numClasses="1" visitedMethods="0" numMethods="1" />
          <FullName>API.Controllers.DevicesController/&lt;GetPropertyPanelDataForDevice&gt;d__9</FullName>
          <Methods>
            <Method cyclomaticComplexity="1" nPathComplexity="1" sequenceCoverage="0" branchCoverage="100" isConstructor="False" isGetter="False" isSetter="False" isStatic="True">
              <Summary numSequencePoints="8" visitedSequencePoints="0" numBranchPoints="0" visitedBranchPoints="0" sequenceCoverage="0" branchCoverage="100" maxCyclomaticComplexity="1" minCyclomaticComplexity="1" visitedClasses="0" numClasses="0" visitedMethods="0" numMethods="1" />
              <MetadataToken />
              <Name>System.Void API.Controllers.DevicesController/&lt;GetPropertyPanelDataForDevice&gt;d__9::MoveNext()</Name>
              <FileRef uid="3" />
              <SequencePoints>
                <SequencePoint vc="0" uspid="126" ordinal="0" sl="126" sc="1" el="126" ec="2" bec="0" bev="0" fileid="3" />
                <SequencePoint vc="0" uspid="128" ordinal="1" sl="128" sc="1" el="128" ec="2" bec="0" bev="0" fileid="3" />
                <SequencePoint vc="0" uspid="129" ordinal="2" sl="129" sc="1" el="129" ec="2" bec="0" bev="0" fileid="3" />
                <SequencePoint vc="0" uspid="131" ordinal="3" sl="131" sc="1" el="131" ec="2" bec="0" bev="0" fileid="3" />
                <SequencePoint vc="0" uspid="133" ordinal="4" sl="133" sc="1" el="133" ec="2" bec="0" bev="0" fileid="3" />
                <SequencePoint vc="0" uspid="134" ordinal="5" sl="134" sc="1" el="134" ec="2" bec="0" bev="0" fileid="3" />
                <SequencePoint vc="0" uspid="135" ordinal="6" sl="135" sc="1" el="135" ec="2" bec="0" bev="0" fileid="3" />
                <SequencePoint vc="0" uspid="138" ordinal="7" sl="138" sc="1" el="138" ec="2" bec="0" bev="0" fileid="3" />
              </SequencePoints>
              <BranchPoints />
              <MethodPoint vc="0" uspid="0" p8:type="SequencePoint" ordinal="0" offset="0" sc="0" sl="126" ec="1" el="138" bec="0" bev="0" fileid="3" xmlns:p8="xsi" />
            </Method>
          </Methods>
        </Class>
        <Class>
          <Summary numSequencePoints="8" visitedSequencePoints="0" numBranchPoints="0" visitedBranchPoints="0" sequenceCoverage="0" branchCoverage="100" maxCyclomaticComplexity="1" minCyclomaticComplexity="1" visitedClasses="0" numClasses="1" visitedMethods="0" numMethods="1" />
          <FullName>API.Controllers.DevicesController/&lt;GetRefreshedData&gt;d__6</FullName>
          <Methods>
            <Method cyclomaticComplexity="1" nPathComplexity="1" sequenceCoverage="0" branchCoverage="100" isConstructor="False" isGetter="False" isSetter="False" isStatic="True">
              <Summary numSequencePoints="8" visitedSequencePoints="0" numBranchPoints="0" visitedBranchPoints="0" sequenceCoverage="0" branchCoverage="100" maxCyclomaticComplexity="1" minCyclomaticComplexity="1" visitedClasses="0" numClasses="0" visitedMethods="0" numMethods="1" />
              <MetadataToken />
              <Name>System.Void API.Controllers.DevicesController/&lt;GetRefreshedData&gt;d__6::MoveNext()</Name>
              <FileRef uid="3" />
              <SequencePoints>
                <SequencePoint vc="0" uspid="89" ordinal="0" sl="89" sc="1" el="89" ec="2" bec="0" bev="0" fileid="3" />
                <SequencePoint vc="0" uspid="90" ordinal="1" sl="90" sc="1" el="90" ec="2" bec="0" bev="0" fileid="3" />
                <SequencePoint vc="0" uspid="102" ordinal="2" sl="102" sc="1" el="102" ec="2" bec="0" bev="0" fileid="3" />
                <SequencePoint vc="0" uspid="103" ordinal="3" sl="103" sc="1" el="103" ec="2" bec="0" bev="0" fileid="3" />
                <SequencePoint vc="0" uspid="104" ordinal="4" sl="104" sc="1" el="104" ec="2" bec="0" bev="0" fileid="3" />
                <SequencePoint vc="0" uspid="105" ordinal="5" sl="105" sc="1" el="105" ec="2" bec="0" bev="0" fileid="3" />
                <SequencePoint vc="0" uspid="106" ordinal="6" sl="106" sc="1" el="106" ec="2" bec="0" bev="0" fileid="3" />
                <SequencePoint vc="0" uspid="107" ordinal="7" sl="107" sc="1" el="107" ec="2" bec="0" bev="0" fileid="3" />
              </SequencePoints>
              <BranchPoints />
              <MethodPoint vc="0" uspid="0" p8:type="SequencePoint" ordinal="0" offset="0" sc="0" sl="89" ec="1" el="107" bec="0" bev="0" fileid="3" xmlns:p8="xsi" />
            </Method>
          </Methods>
        </Class>
        <Class>
          <Summary numSequencePoints="4" visitedSequencePoints="0" numBranchPoints="0" visitedBranchPoints="0" sequenceCoverage="0" branchCoverage="100" maxCyclomaticComplexity="1" minCyclomaticComplexity="1" visitedClasses="0" numClasses="1" visitedMethods="0" numMethods="1" />
          <FullName>API.Controllers.DevicesController/&lt;UploadFile&gt;d__10</FullName>
          <Methods>
            <Method cyclomaticComplexity="1" nPathComplexity="1" sequenceCoverage="0" branchCoverage="100" isConstructor="False" isGetter="False" isSetter="False" isStatic="True">
              <Summary numSequencePoints="4" visitedSequencePoints="0" numBranchPoints="0" visitedBranchPoints="0" sequenceCoverage="0" branchCoverage="100" maxCyclomaticComplexity="1" minCyclomaticComplexity="1" visitedClasses="0" numClasses="0" visitedMethods="0" numMethods="1" />
              <MetadataToken />
              <Name>System.Void API.Controllers.DevicesController/&lt;UploadFile&gt;d__10::MoveNext()</Name>
              <FileRef uid="3" />
              <SequencePoints>
                <SequencePoint vc="0" uspid="142" ordinal="0" sl="142" sc="1" el="142" ec="2" bec="0" bev="0" fileid="3" />
                <SequencePoint vc="0" uspid="143" ordinal="1" sl="143" sc="1" el="143" ec="2" bec="0" bev="0" fileid="3" />
                <SequencePoint vc="0" uspid="145" ordinal="2" sl="145" sc="1" el="145" ec="2" bec="0" bev="0" fileid="3" />
                <SequencePoint vc="0" uspid="146" ordinal="3" sl="146" sc="1" el="146" ec="2" bec="0" bev="0" fileid="3" />
              </SequencePoints>
              <BranchPoints />
              <MethodPoint vc="0" uspid="0" p8:type="SequencePoint" ordinal="0" offset="0" sc="0" sl="142" ec="1" el="146" bec="0" bev="0" fileid="3" xmlns:p8="xsi" />
            </Method>
          </Methods>
        </Class>
      </Classes>
    </Module>
    <Module hash="43618817-1378-4989-9951-2D5740779AA1">
      <ModulePath>Application.dll</ModulePath>
      <ModuleTime>2025-11-26T07:03:08</ModuleTime>
      <ModuleName>Application</ModuleName>
      <Files>
        <File uid="4" fullPath="C:\Users\Premal Kadam\Documents\Device Monitoring Project\DeviceMonitoring\Backend\DeviceMonitoringProject\Application\Dtos\DeviceDetails.cs" />
        <File uid="5" fullPath="C:\Users\Premal Kadam\Documents\Device Monitoring Project\DeviceMonitoring\Backend\DeviceMonitoringProject\Application\Dtos\AlarmEvaluationRequest.cs" />
        <File uid="6" fullPath="C:\Users\Premal Kadam\Documents\Device Monitoring Project\DeviceMonitoring\Backend\DeviceMonitoringProject\Application\Dtos\AlarmRuleDto.cs" />
        <File uid="7" fullPath="C:\Users\Premal Kadam\Documents\Device Monitoring Project\DeviceMonitoring\Backend\DeviceMonitoringProject\Application\Dtos\DeviceMetadata.cs" />
        <File uid="8" fullPath="C:\Users\Premal Kadam\Documents\Device Monitoring Project\DeviceMonitoring\Backend\DeviceMonitoringProject\Application\Dtos\DeviceMetadataPaginated.cs" />
        <File uid="9" fullPath="C:\Users\Premal Kadam\Documents\Device Monitoring Project\DeviceMonitoring\Backend\DeviceMonitoringProject\Application\Dtos\DeviceServiceOptions.cs" />
        <File uid="10" fullPath="C:\Users\Premal Kadam\Documents\Device Monitoring Project\DeviceMonitoring\Backend\DeviceMonitoringProject\Application\Dtos\DevicesNameMacIdDto.cs" />
        <File uid="11" fullPath="C:\Users\Premal Kadam\Documents\Device Monitoring Project\DeviceMonitoring\Backend\DeviceMonitoringProject\Application\Dtos\DeviceStorageOptions.cs" />
        <File uid="12" fullPath="C:\Users\Premal Kadam\Documents\Device Monitoring Project\DeviceMonitoring\Backend\DeviceMonitoringProject\Application\Dtos\DeviceTopLevelData.cs" />
        <File uid="13" fullPath="C:\Users\Premal Kadam\Documents\Device Monitoring Project\DeviceMonitoring\Backend\DeviceMonitoringProject\Application\Dtos\DeviceTopLevelLiveData.cs" />
        <File uid="14" fullPath="C:\Users\Premal Kadam\Documents\Device Monitoring Project\DeviceMonitoring\Backend\DeviceMonitoringProject\Application\Dtos\DeviceTopLevelSortOptions.cs" />
        <File uid="15" fullPath="C:\Users\Premal Kadam\Documents\Device Monitoring Project\DeviceMonitoring\Backend\DeviceMonitoringProject\Application\Dtos\LiveDataExtractDto.cs" />
        <File uid="16" fullPath="C:\Users\Premal Kadam\Documents\Device Monitoring Project\DeviceMonitoring\Backend\DeviceMonitoringProject\Application\Dtos\LiveDeviceDataDto.cs" />
        <File uid="17" fullPath="C:\Users\Premal Kadam\Documents\Device Monitoring Project\DeviceMonitoring\Backend\DeviceMonitoringProject\Application\Dtos\ObservableFieldDEfination.cs" />
      </Files>
      <Classes>
        <Class>
          <Summary numSequencePoints="8" visitedSequencePoints="0" numBranchPoints="0" visitedBranchPoints="0" sequenceCoverage="0" branchCoverage="100" maxCyclomaticComplexity="1" minCyclomaticComplexity="1" visitedClasses="0" numClasses="1" visitedMethods="0" numMethods="8" />
          <FullName>Domain.Entities.DeviceDetails</FullName>
          <Methods>
            <Method cyclomaticComplexity="1" nPathComplexity="1" sequenceCoverage="0" branchCoverage="100" isConstructor="False" isGetter="True" isSetter="False" isStatic="True">
              <Summary numSequencePoints="1" visitedSequencePoints="0" numBranchPoints="0" visitedBranchPoints="0" sequenceCoverage="0" branchCoverage="100" maxCyclomaticComplexity="1" minCyclomaticComplexity="1" visitedClasses="0" numClasses="0" visitedMethods="0" numMethods="1" />
              <MetadataToken />
              <Name>System.String Domain.Entities.DeviceDetails::get_FileName()</Name>
              <FileRef uid="4" />
              <SequencePoints>
                <SequencePoint vc="0" uspid="12" ordinal="0" sl="12" sc="1" el="12" ec="2" bec="0" bev="0" fileid="4" />
              </SequencePoints>
              <BranchPoints />
              <MethodPoint vc="0" uspid="0" p8:type="SequencePoint" ordinal="0" offset="0" sc="0" sl="12" ec="1" el="12" bec="0" bev="0" fileid="4" xmlns:p8="xsi" />
            </Method>
            <Method cyclomaticComplexity="1" nPathComplexity="1" sequenceCoverage="0" branchCoverage="100" isConstructor="False" isGetter="True" isSetter="False" isStatic="True">
              <Summary numSequencePoints="1" visitedSequencePoints="0" numBranchPoints="0" visitedBranchPoints="0" sequenceCoverage="0" branchCoverage="100" maxCyclomaticComplexity="1" minCyclomaticComplexity="1" visitedClasses="0" numClasses="0" visitedMethods="0" numMethods="1" />
              <MetadataToken />
              <Name>System.String Domain.Entities.DeviceDetails::get_Name()</Name>
              <FileRef uid="4" />
              <SequencePoints>
                <SequencePoint vc="0" uspid="13" ordinal="0" sl="13" sc="1" el="13" ec="2" bec="0" bev="0" fileid="4" />
              </SequencePoints>
              <BranchPoints />
              <MethodPoint vc="0" uspid="0" p8:type="SequencePoint" ordinal="1" offset="1" sc="0" sl="13" ec="1" el="13" bec="0" bev="0" fileid="4" xmlns:p8="xsi" />
            </Method>
            <Method cyclomaticComplexity="1" nPathComplexity="1" sequenceCoverage="0" branchCoverage="100" isConstructor="False" isGetter="True" isSetter="False" isStatic="True">
              <Summary numSequencePoints="1" visitedSequencePoints="0" numBranchPoints="0" visitedBranchPoints="0" sequenceCoverage="0" branchCoverage="100" maxCyclomaticComplexity="1" minCyclomaticComplexity="1" visitedClasses="0" numClasses="0" visitedMethods="0" numMethods="1" />
              <MetadataToken />
              <Name>System.String Domain.Entities.DeviceDetails::get_Type()</Name>
              <FileRef uid="4" />
              <SequencePoints>
                <SequencePoint vc="0" uspid="14" ordinal="0" sl="14" sc="1" el="14" ec="2" bec="0" bev="0" fileid="4" />
              </SequencePoints>
              <BranchPoints />
              <MethodPoint vc="0" uspid="0" p8:type="SequencePoint" ordinal="2" offset="2" sc="0" sl="14" ec="1" el="14" bec="0" bev="0" fileid="4" xmlns:p8="xsi" />
            </Method>
            <Method cyclomaticComplexity="1" nPathComplexity="1" sequenceCoverage="0" branchCoverage="100" isConstructor="False" isGetter="True" isSetter="False" isStatic="True">
              <Summary numSequencePoints="1" visitedSequencePoints="0" numBranchPoints="0" visitedBranchPoints="0" sequenceCoverage="0" branchCoverage="100" maxCyclomaticComplexity="1" minCyclomaticComplexity="1" visitedClasses="0" numClasses="0" visitedMethods="0" numMethods="1" />
              <MetadataToken />
              <Name>System.String Domain.Entities.DeviceDetails::get_Status()</Name>
              <FileRef uid="4" />
              <SequencePoints>
                <SequencePoint vc="0" uspid="15" ordinal="0" sl="15" sc="1" el="15" ec="2" bec="0" bev="0" fileid="4" />
              </SequencePoints>
              <BranchPoints />
              <MethodPoint vc="0" uspid="0" p8:type="SequencePoint" ordinal="3" offset="3" sc="0" sl="15" ec="1" el="15" bec="0" bev="0" fileid="4" xmlns:p8="xsi" />
            </Method>
            <Method cyclomaticComplexity="1" nPathComplexity="1" sequenceCoverage="0" branchCoverage="100" isConstructor="False" isGetter="True" isSetter="False" isStatic="True">
              <Summary numSequencePoints="1" visitedSequencePoints="0" numBranchPoints="0" visitedBranchPoints="0" sequenceCoverage="0" branchCoverage="100" maxCyclomaticComplexity="1" minCyclomaticComplexity="1" visitedClasses="0" numClasses="0" visitedMethods="0" numMethods="1" />
              <MetadataToken />
              <Name>System.String Domain.Entities.DeviceDetails::get_MacId()</Name>
              <FileRef uid="4" />
              <SequencePoints>
                <SequencePoint vc="0" uspid="16" ordinal="0" sl="16" sc="1" el="16" ec="2" bec="0" bev="0" fileid="4" />
              </SequencePoints>
              <BranchPoints />
              <MethodPoint vc="0" uspid="0" p8:type="SequencePoint" ordinal="4" offset="4" sc="0" sl="16" ec="1" el="16" bec="0" bev="0" fileid="4" xmlns:p8="xsi" />
            </Method>
            <Method cyclomaticComplexity="1" nPathComplexity="1" sequenceCoverage="0" branchCoverage="100" isConstructor="False" isGetter="True" isSetter="False" isStatic="True">
              <Summary numSequencePoints="1" visitedSequencePoints="0" numBranchPoints="0" visitedBranchPoints="0" sequenceCoverage="0" branchCoverage="100" maxCyclomaticComplexity="1" minCyclomaticComplexity="1" visitedClasses="0" numClasses="0" visitedMethods="0" numMethods="1" />
              <MetadataToken />
              <Name>System.String Domain.Entities.DeviceDetails::get_Connectivity()</Name>
              <FileRef uid="4" />
              <SequencePoints>
                <SequencePoint vc="0" uspid="17" ordinal="0" sl="17" sc="1" el="17" ec="2" bec="0" bev="0" fileid="4" />
              </SequencePoints>
              <BranchPoints />
              <MethodPoint vc="0" uspid="0" p8:type="SequencePoint" ordinal="5" offset="5" sc="0" sl="17" ec="1" el="17" bec="0" bev="0" fileid="4" xmlns:p8="xsi" />
            </Method>
            <Method cyclomaticComplexity="1" nPathComplexity="1" sequenceCoverage="0" branchCoverage="100" isConstructor="False" isGetter="True" isSetter="False" isStatic="True">
              <Summary numSequencePoints="1" visitedSequencePoints="0" numBranchPoints="0" visitedBranchPoints="0" sequenceCoverage="0" branchCoverage="100" maxCyclomaticComplexity="1" minCyclomaticComplexity="1" visitedClasses="0" numClasses="0" visitedMethods="0" numMethods="1" />
              <MetadataToken />
              <Name>System.Text.Json.JsonElement Domain.Entities.DeviceDetails::get_StaticProperties()</Name>
              <FileRef uid="4" />
              <SequencePoints>
                <SequencePoint vc="0" uspid="18" ordinal="0" sl="18" sc="1" el="18" ec="2" bec="0" bev="0" fileid="4" />
              </SequencePoints>
              <BranchPoints />
              <MethodPoint vc="0" uspid="0" p8:type="SequencePoint" ordinal="6" offset="6" sc="0" sl="18" ec="1" el="18" bec="0" bev="0" fileid="4" xmlns:p8="xsi" />
            </Method>
            <Method cyclomaticComplexity="1" nPathComplexity="1" sequenceCoverage="0" branchCoverage="100" isConstructor="False" isGetter="True" isSetter="False" isStatic="True">
              <Summary numSequencePoints="1" visitedSequencePoints="0" numBranchPoints="0" visitedBranchPoints="0" sequenceCoverage="0" branchCoverage="100" maxCyclomaticComplexity="1" minCyclomaticComplexity="1" visitedClasses="0" numClasses="0" visitedMethods="0" numMethods="1" />
              <MetadataToken />
              <Name>System.Text.Json.JsonElement Domain.Entities.DeviceDetails::get_DynamicProperties()</Name>
              <FileRef uid="4" />
              <SequencePoints>
                <SequencePoint vc="0" uspid="19" ordinal="0" sl="19" sc="1" el="19" ec="2" bec="0" bev="0" fileid="4" />
              </SequencePoints>
              <BranchPoints />
              <MethodPoint vc="0" uspid="0" p8:type="SequencePoint" ordinal="7" offset="7" sc="0" sl="19" ec="1" el="19" bec="0" bev="0" fileid="4" xmlns:p8="xsi" />
            </Method>
          </Methods>
        </Class>
        <Class>
          <Summary numSequencePoints="2" visitedSequencePoints="0" numBranchPoints="0" visitedBranchPoints="0" sequenceCoverage="0" branchCoverage="100" maxCyclomaticComplexity="1" minCyclomaticComplexity="1" visitedClasses="0" numClasses="1" visitedMethods="0" numMethods="2" />
          <FullName>Application.Dtos.AlarmEvaluationRequest</FullName>
          <Methods>
            <Method cyclomaticComplexity="1" nPathComplexity="1" sequenceCoverage="0" branchCoverage="100" isConstructor="False" isGetter="True" isSetter="False" isStatic="True">
              <Summary numSequencePoints="1" visitedSequencePoints="0" numBranchPoints="0" visitedBranchPoints="0" sequenceCoverage="0" branchCoverage="100" maxCyclomaticComplexity="1" minCyclomaticComplexity="1" visitedClasses="0" numClasses="0" visitedMethods="0" numMethods="1" />
              <MetadataToken />
              <Name>Application.Dtos.LiveDeviceDataDto Application.Dtos.AlarmEvaluationRequest::get_Previous()</Name>
              <FileRef uid="5" />
              <SequencePoints>
                <SequencePoint vc="0" uspid="11" ordinal="0" sl="11" sc="1" el="11" ec="2" bec="0" bev="0" fileid="5" />
              </SequencePoints>
              <BranchPoints />
              <MethodPoint vc="0" uspid="0" p8:type="SequencePoint" ordinal="0" offset="0" sc="0" sl="11" ec="1" el="11" bec="0" bev="0" fileid="5" xmlns:p8="xsi" />
            </Method>
            <Method cyclomaticComplexity="1" nPathComplexity="1" sequenceCoverage="0" branchCoverage="100" isConstructor="False" isGetter="True" isSetter="False" isStatic="True">
              <Summary numSequencePoints="1" visitedSequencePoints="0" numBranchPoints="0" visitedBranchPoints="0" sequenceCoverage="0" branchCoverage="100" maxCyclomaticComplexity="1" minCyclomaticComplexity="1" visitedClasses="0" numClasses="0" visitedMethods="0" numMethods="1" />
              <MetadataToken />
              <Name>Application.Dtos.LiveDeviceDataDto Application.Dtos.AlarmEvaluationRequest::get_Current()</Name>
              <FileRef uid="5" />
              <SequencePoints>
                <SequencePoint vc="0" uspid="12" ordinal="0" sl="12" sc="1" el="12" ec="2" bec="0" bev="0" fileid="5" />
              </SequencePoints>
              <BranchPoints />
              <MethodPoint vc="0" uspid="0" p8:type="SequencePoint" ordinal="1" offset="1" sc="0" sl="12" ec="1" el="12" bec="0" bev="0" fileid="5" xmlns:p8="xsi" />
            </Method>
          </Methods>
        </Class>
        <Class>
          <Summary numSequencePoints="5" visitedSequencePoints="0" numBranchPoints="0" visitedBranchPoints="0" sequenceCoverage="0" branchCoverage="100" maxCyclomaticComplexity="1" minCyclomaticComplexity="1" visitedClasses="0" numClasses="1" visitedMethods="0" numMethods="5" />
          <FullName>Application.Dtos.AlarmRuleDto</FullName>
          <Methods>
            <Method cyclomaticComplexity="1" nPathComplexity="1" sequenceCoverage="0" branchCoverage="100" isConstructor="False" isGetter="True" isSetter="False" isStatic="True">
              <Summary numSequencePoints="1" visitedSequencePoints="0" numBranchPoints="0" visitedBranchPoints="0" sequenceCoverage="0" branchCoverage="100" maxCyclomaticComplexity="1" minCyclomaticComplexity="1" visitedClasses="0" numClasses="0" visitedMethods="0" numMethods="1" />
              <MetadataToken />
              <Name>System.String Application.Dtos.AlarmRuleDto::get_FieldPath()</Name>
              <FileRef uid="6" />
              <SequencePoints>
                <SequencePoint vc="0" uspid="11" ordinal="0" sl="11" sc="1" el="11" ec="2" bec="0" bev="0" fileid="6" />
              </SequencePoints>
              <BranchPoints />
              <MethodPoint vc="0" uspid="0" p8:type="SequencePoint" ordinal="0" offset="0" sc="0" sl="11" ec="1" el="11" bec="0" bev="0" fileid="6" xmlns:p8="xsi" />
            </Method>
            <Method cyclomaticComplexity="1" nPathComplexity="1" sequenceCoverage="0" branchCoverage="100" isConstructor="False" isGetter="True" isSetter="False" isStatic="True">
              <Summary numSequencePoints="1" visitedSequencePoints="0" numBranchPoints="0" visitedBranchPoints="0" sequenceCoverage="0" branchCoverage="100" maxCyclomaticComplexity="1" minCyclomaticComplexity="1" visitedClasses="0" numClasses="0" visitedMethods="0" numMethods="1" />
              <MetadataToken />
              <Name>System.String Application.Dtos.AlarmRuleDto::get_Operator()</Name>
              <FileRef uid="6" />
              <SequencePoints>
                <SequencePoint vc="0" uspid="12" ordinal="0" sl="12" sc="1" el="12" ec="2" bec="0" bev="0" fileid="6" />
              </SequencePoints>
              <BranchPoints />
              <MethodPoint vc="0" uspid="0" p8:type="SequencePoint" ordinal="1" offset="1" sc="0" sl="12" ec="1" el="12" bec="0" bev="0" fileid="6" xmlns:p8="xsi" />
            </Method>
            <Method cyclomaticComplexity="1" nPathComplexity="1" sequenceCoverage="0" branchCoverage="100" isConstructor="False" isGetter="True" isSetter="False" isStatic="True">
              <Summary numSequencePoints="1" visitedSequencePoints="0" numBranchPoints="0" visitedBranchPoints="0" sequenceCoverage="0" branchCoverage="100" maxCyclomaticComplexity="1" minCyclomaticComplexity="1" visitedClasses="0" numClasses="0" visitedMethods="0" numMethods="1" />
              <MetadataToken />
              <Name>System.String Application.Dtos.AlarmRuleDto::get_ThresholdValue()</Name>
              <FileRef uid="6" />
              <SequencePoints>
                <SequencePoint vc="0" uspid="13" ordinal="0" sl="13" sc="1" el="13" ec="2" bec="0" bev="0" fileid="6" />
              </SequencePoints>
              <BranchPoints />
              <MethodPoint vc="0" uspid="0" p8:type="SequencePoint" ordinal="2" offset="2" sc="0" sl="13" ec="1" el="13" bec="0" bev="0" fileid="6" xmlns:p8="xsi" />
            </Method>
            <Method cyclomaticComplexity="1" nPathComplexity="1" sequenceCoverage="0" branchCoverage="100" isConstructor="False" isGetter="True" isSetter="False" isStatic="True">
              <Summary numSequencePoints="1" visitedSequencePoints="0" numBranchPoints="0" visitedBranchPoints="0" sequenceCoverage="0" branchCoverage="100" maxCyclomaticComplexity="1" minCyclomaticComplexity="1" visitedClasses="0" numClasses="0" visitedMethods="0" numMethods="1" />
              <MetadataToken />
              <Name>System.String Application.Dtos.AlarmRuleDto::get_Severity()</Name>
              <FileRef uid="6" />
              <SequencePoints>
                <SequencePoint vc="0" uspid="14" ordinal="0" sl="14" sc="1" el="14" ec="2" bec="0" bev="0" fileid="6" />
              </SequencePoints>
              <BranchPoints />
              <MethodPoint vc="0" uspid="0" p8:type="SequencePoint" ordinal="3" offset="3" sc="0" sl="14" ec="1" el="14" bec="0" bev="0" fileid="6" xmlns:p8="xsi" />
            </Method>
            <Method cyclomaticComplexity="1" nPathComplexity="1" sequenceCoverage="0" branchCoverage="100" isConstructor="False" isGetter="True" isSetter="False" isStatic="True">
              <Summary numSequencePoints="1" visitedSequencePoints="0" numBranchPoints="0" visitedBranchPoints="0" sequenceCoverage="0" branchCoverage="100" maxCyclomaticComplexity="1" minCyclomaticComplexity="1" visitedClasses="0" numClasses="0" visitedMethods="0" numMethods="1" />
              <MetadataToken />
              <Name>System.String Application.Dtos.AlarmRuleDto::get_MessageTemplate()</Name>
              <FileRef uid="6" />
              <SequencePoints>
                <SequencePoint vc="0" uspid="15" ordinal="0" sl="15" sc="1" el="15" ec="2" bec="0" bev="0" fileid="6" />
              </SequencePoints>
              <BranchPoints />
              <MethodPoint vc="0" uspid="0" p8:type="SequencePoint" ordinal="4" offset="4" sc="0" sl="15" ec="1" el="15" bec="0" bev="0" fileid="6" xmlns:p8="xsi" />
            </Method>
          </Methods>
        </Class>
        <Class>
          <Summary numSequencePoints="7" visitedSequencePoints="0" numBranchPoints="0" visitedBranchPoints="0" sequenceCoverage="0" branchCoverage="100" maxCyclomaticComplexity="1" minCyclomaticComplexity="1" visitedClasses="0" numClasses="1" visitedMethods="0" numMethods="7" />
          <FullName>Application.Dtos.DeviceMetadata</FullName>
          <Methods>
            <Method cyclomaticComplexity="1" nPathComplexity="1" sequenceCoverage="0" branchCoverage="100" isConstructor="False" isGetter="True" isSetter="False" isStatic="True">
              <Summary numSequencePoints="1" visitedSequencePoints="0" numBranchPoints="0" visitedBranchPoints="0" sequenceCoverage="0" branchCoverage="100" maxCyclomaticComplexity="1" minCyclomaticComplexity="1" visitedClasses="0" numClasses="0" visitedMethods="0" numMethods="1" />
              <MetadataToken />
              <Name>System.String Application.Dtos.DeviceMetadata::get_FileName()</Name>
              <FileRef uid="7" />
              <SequencePoints>
                <SequencePoint vc="0" uspid="11" ordinal="0" sl="11" sc="1" el="11" ec="2" bec="0" bev="0" fileid="7" />
              </SequencePoints>
              <BranchPoints />
              <MethodPoint vc="0" uspid="0" p8:type="SequencePoint" ordinal="0" offset="0" sc="0" sl="11" ec="1" el="11" bec="0" bev="0" fileid="7" xmlns:p8="xsi" />
            </Method>
            <Method cyclomaticComplexity="1" nPathComplexity="1" sequenceCoverage="0" branchCoverage="100" isConstructor="False" isGetter="True" isSetter="False" isStatic="True">
              <Summary numSequencePoints="1" visitedSequencePoints="0" numBranchPoints="0" visitedBranchPoints="0" sequenceCoverage="0" branchCoverage="100" maxCyclomaticComplexity="1" minCyclomaticComplexity="1" visitedClasses="0" numClasses="0" visitedMethods="0" numMethods="1" />
              <MetadataToken />
              <Name>System.String Application.Dtos.DeviceMetadata::get_Name()</Name>
              <FileRef uid="7" />
              <SequencePoints>
                <SequencePoint vc="0" uspid="12" ordinal="0" sl="12" sc="1" el="12" ec="2" bec="0" bev="0" fileid="7" />
              </SequencePoints>
              <BranchPoints />
              <MethodPoint vc="0" uspid="0" p8:type="SequencePoint" ordinal="1" offset="1" sc="0" sl="12" ec="1" el="12" bec="0" bev="0" fileid="7" xmlns:p8="xsi" />
            </Method>
            <Method cyclomaticComplexity="1" nPathComplexity="1" sequenceCoverage="0" branchCoverage="100" isConstructor="False" isGetter="True" isSetter="False" isStatic="True">
              <Summary numSequencePoints="1" visitedSequencePoints="0" numBranchPoints="0" visitedBranchPoints="0" sequenceCoverage="0" branchCoverage="100" maxCyclomaticComplexity="1" minCyclomaticComplexity="1" visitedClasses="0" numClasses="0" visitedMethods="0" numMethods="1" />
              <MetadataToken />
              <Name>System.String Application.Dtos.DeviceMetadata::get_Type()</Name>
              <FileRef uid="7" />
              <SequencePoints>
                <SequencePoint vc="0" uspid="13" ordinal="0" sl="13" sc="1" el="13" ec="2" bec="0" bev="0" fileid="7" />
              </SequencePoints>
              <BranchPoints />
              <MethodPoint vc="0" uspid="0" p8:type="SequencePoint" ordinal="2" offset="2" sc="0" sl="13" ec="1" el="13" bec="0" bev="0" fileid="7" xmlns:p8="xsi" />
            </Method>
            <Method cyclomaticComplexity="1" nPathComplexity="1" sequenceCoverage="0" branchCoverage="100" isConstructor="False" isGetter="True" isSetter="False" isStatic="True">
              <Summary numSequencePoints="1" visitedSequencePoints="0" numBranchPoints="0" visitedBranchPoints="0" sequenceCoverage="0" branchCoverage="100" maxCyclomaticComplexity="1" minCyclomaticComplexity="1" visitedClasses="0" numClasses="0" visitedMethods="0" numMethods="1" />
              <MetadataToken />
              <Name>System.String Application.Dtos.DeviceMetadata::get_Status()</Name>
              <FileRef uid="7" />
              <SequencePoints>
                <SequencePoint vc="0" uspid="14" ordinal="0" sl="14" sc="1" el="14" ec="2" bec="0" bev="0" fileid="7" />
              </SequencePoints>
              <BranchPoints />
              <MethodPoint vc="0" uspid="0" p8:type="SequencePoint" ordinal="3" offset="3" sc="0" sl="14" ec="1" el="14" bec="0" bev="0" fileid="7" xmlns:p8="xsi" />
            </Method>
            <Method cyclomaticComplexity="1" nPathComplexity="1" sequenceCoverage="0" branchCoverage="100" isConstructor="False" isGetter="True" isSetter="False" isStatic="True">
              <Summary numSequencePoints="1" visitedSequencePoints="0" numBranchPoints="0" visitedBranchPoints="0" sequenceCoverage="0" branchCoverage="100" maxCyclomaticComplexity="1" minCyclomaticComplexity="1" visitedClasses="0" numClasses="0" visitedMethods="0" numMethods="1" />
              <MetadataToken />
              <Name>System.String Application.Dtos.DeviceMetadata::get_MacId()</Name>
              <FileRef uid="7" />
              <SequencePoints>
                <SequencePoint vc="0" uspid="15" ordinal="0" sl="15" sc="1" el="15" ec="2" bec="0" bev="0" fileid="7" />
              </SequencePoints>
              <BranchPoints />
              <MethodPoint vc="0" uspid="0" p8:type="SequencePoint" ordinal="4" offset="4" sc="0" sl="15" ec="1" el="15" bec="0" bev="0" fileid="7" xmlns:p8="xsi" />
            </Method>
            <Method cyclomaticComplexity="1" nPathComplexity="1" sequenceCoverage="0" branchCoverage="100" isConstructor="False" isGetter="True" isSetter="False" isStatic="True">
              <Summary numSequencePoints="1" visitedSequencePoints="0" numBranchPoints="0" visitedBranchPoints="0" sequenceCoverage="0" branchCoverage="100" maxCyclomaticComplexity="1" minCyclomaticComplexity="1" visitedClasses="0" numClasses="0" visitedMethods="0" numMethods="1" />
              <MetadataToken />
              <Name>System.String Application.Dtos.DeviceMetadata::get_Connectivity()</Name>
              <FileRef uid="7" />
              <SequencePoints>
                <SequencePoint vc="0" uspid="16" ordinal="0" sl="16" sc="1" el="16" ec="2" bec="0" bev="0" fileid="7" />
              </SequencePoints>
              <BranchPoints />
              <MethodPoint vc="0" uspid="0" p8:type="SequencePoint" ordinal="5" offset="5" sc="0" sl="16" ec="1" el="16" bec="0" bev="0" fileid="7" xmlns:p8="xsi" />
            </Method>
            <Method cyclomaticComplexity="1" nPathComplexity="1" sequenceCoverage="0" branchCoverage="100" isConstructor="False" isGetter="True" isSetter="False" isStatic="True">
              <Summary numSequencePoints="1" visitedSequencePoints="0" numBranchPoints="0" visitedBranchPoints="0" sequenceCoverage="0" branchCoverage="100" maxCyclomaticComplexity="1" minCyclomaticComplexity="1" visitedClasses="0" numClasses="0" visitedMethods="0" numMethods="1" />
              <MetadataToken />
              <Name>System.Nullable`1&lt;System.DateTime&gt; Application.Dtos.DeviceMetadata::get_LastUpdated()</Name>
              <FileRef uid="7" />
              <SequencePoints>
                <SequencePoint vc="0" uspid="17" ordinal="0" sl="17" sc="1" el="17" ec="2" bec="0" bev="0" fileid="7" />
              </SequencePoints>
              <BranchPoints />
              <MethodPoint vc="0" uspid="0" p8:type="SequencePoint" ordinal="6" offset="6" sc="0" sl="17" ec="1" el="17" bec="0" bev="0" fileid="7" xmlns:p8="xsi" />
            </Method>
          </Methods>
        </Class>
        <Class>
          <Summary numSequencePoints="2" visitedSequencePoints="0" numBranchPoints="0" visitedBranchPoints="0" sequenceCoverage="0" branchCoverage="100" maxCyclomaticComplexity="1" minCyclomaticComplexity="1" visitedClasses="0" numClasses="1" visitedMethods="0" numMethods="2" />
          <FullName>Application.Dtos.DeviceMetadataPaginatedandSortedDto</FullName>
          <Methods>
            <Method cyclomaticComplexity="1" nPathComplexity="1" sequenceCoverage="0" branchCoverage="100" isConstructor="False" isGetter="True" isSetter="False" isStatic="True">
              <Summary numSequencePoints="1" visitedSequencePoints="0" numBranchPoints="0" visitedBranchPoints="0" sequenceCoverage="0" branchCoverage="100" maxCyclomaticComplexity="1" minCyclomaticComplexity="1" visitedClasses="0" numClasses="0" visitedMethods="0" numMethods="1" />
              <MetadataToken />
              <Name>System.Int32 Application.Dtos.DeviceMetadataPaginatedandSortedDto::get_TotalCount()</Name>
              <FileRef uid="8" />
              <SequencePoints>
                <SequencePoint vc="0" uspid="6" ordinal="0" sl="6" sc="1" el="6" ec="2" bec="0" bev="0" fileid="8" />
              </SequencePoints>
              <BranchPoints />
              <MethodPoint vc="0" uspid="0" p8:type="SequencePoint" ordinal="0" offset="0" sc="0" sl="6" ec="1" el="6" bec="0" bev="0" fileid="8" xmlns:p8="xsi" />
            </Method>
            <Method cyclomaticComplexity="1" nPathComplexity="1" sequenceCoverage="0" branchCoverage="100" isConstructor="False" isGetter="True" isSetter="False" isStatic="True">
              <Summary numSequencePoints="1" visitedSequencePoints="0" numBranchPoints="0" visitedBranchPoints="0" sequenceCoverage="0" branchCoverage="100" maxCyclomaticComplexity="1" minCyclomaticComplexity="1" visitedClasses="0" numClasses="0" visitedMethods="0" numMethods="1" />
              <MetadataToken />
              <Name>System.Collections.Generic.List`1&lt;Application.Dtos.DeviceMetadata&gt; Application.Dtos.DeviceMetadataPaginatedandSortedDto::get_DeviceMetadata()</Name>
              <FileRef uid="8" />
              <SequencePoints>
                <SequencePoint vc="0" uspid="7" ordinal="0" sl="7" sc="1" el="7" ec="2" bec="0" bev="0" fileid="8" />
              </SequencePoints>
              <BranchPoints />
              <MethodPoint vc="0" uspid="0" p8:type="SequencePoint" ordinal="1" offset="1" sc="0" sl="7" ec="1" el="7" bec="0" bev="0" fileid="8" xmlns:p8="xsi" />
            </Method>
          </Methods>
        </Class>
        <Class>
          <Summary numSequencePoints="1" visitedSequencePoints="0" numBranchPoints="0" visitedBranchPoints="0" sequenceCoverage="0" branchCoverage="100" maxCyclomaticComplexity="1" minCyclomaticComplexity="1" visitedClasses="0" numClasses="1" visitedMethods="0" numMethods="1" />
          <FullName>Application.Dtos.DeviceServiceOptions</FullName>
          <Methods>
            <Method cyclomaticComplexity="1" nPathComplexity="1" sequenceCoverage="0" branchCoverage="100" isConstructor="True" isGetter="True" isSetter="False" isStatic="True">
              <Summary numSequencePoints="1" visitedSequencePoints="0" numBranchPoints="0" visitedBranchPoints="0" sequenceCoverage="0" branchCoverage="100" maxCyclomaticComplexity="1" minCyclomaticComplexity="1" visitedClasses="0" numClasses="0" visitedMethods="0" numMethods="1" />
              <MetadataToken />
              <Name>System.String Application.Dtos.DeviceServiceOptions::get_DataDirectory()</Name>
              <FileRef uid="9" />
              <SequencePoints>
                <SequencePoint vc="0" uspid="11" ordinal="0" sl="11" sc="1" el="11" ec="2" bec="0" bev="0" fileid="9" />
              </SequencePoints>
              <BranchPoints />
              <MethodPoint vc="0" uspid="0" p8:type="SequencePoint" ordinal="0" offset="0" sc="0" sl="11" ec="1" el="11" bec="0" bev="0" fileid="9" xmlns:p8="xsi" />
            </Method>
          </Methods>
        </Class>
        <Class>
          <Summary numSequencePoints="2" visitedSequencePoints="2" numBranchPoints="0" visitedBranchPoints="0" sequenceCoverage="100" branchCoverage="100" maxCyclomaticComplexity="1" minCyclomaticComplexity="1" visitedClasses="1" numClasses="1" visitedMethods="2" numMethods="2" />
          <FullName>Application.Dtos.DevicesNameMacIdDto</FullName>
          <Methods>
            <Method cyclomaticComplexity="1" nPathComplexity="1" sequenceCoverage="100" branchCoverage="100" isConstructor="False" isGetter="True" isSetter="False" isStatic="True">
              <Summary numSequencePoints="1" visitedSequencePoints="1" numBranchPoints="0" visitedBranchPoints="0" sequenceCoverage="100" branchCoverage="100" maxCyclomaticComplexity="1" minCyclomaticComplexity="1" visitedClasses="0" numClasses="0" visitedMethods="1" numMethods="1" />
              <MetadataToken />
              <Name>System.String Application.Dtos.DevicesNameMacIdDto::get_DeviceName()</Name>
              <FileRef uid="10" />
              <SequencePoints>
                <SequencePoint vc="5" uspid="11" ordinal="0" sl="11" sc="1" el="11" ec="2" bec="0" bev="0" fileid="10" />
              </SequencePoints>
              <BranchPoints />
              <MethodPoint vc="1" uspid="0" p8:type="SequencePoint" ordinal="0" offset="0" sc="0" sl="11" ec="1" el="11" bec="0" bev="0" fileid="10" xmlns:p8="xsi" />
            </Method>
            <Method cyclomaticComplexity="1" nPathComplexity="1" sequenceCoverage="100" branchCoverage="100" isConstructor="False" isGetter="True" isSetter="False" isStatic="True">
              <Summary numSequencePoints="1" visitedSequencePoints="1" numBranchPoints="0" visitedBranchPoints="0" sequenceCoverage="100" branchCoverage="100" maxCyclomaticComplexity="1" minCyclomaticComplexity="1" visitedClasses="0" numClasses="0" visitedMethods="1" numMethods="1" />
              <MetadataToken />
              <Name>System.String Application.Dtos.DevicesNameMacIdDto::get_DeviceMacId()</Name>
              <FileRef uid="10" />
              <SequencePoints>
                <SequencePoint vc="5" uspid="12" ordinal="0" sl="12" sc="1" el="12" ec="2" bec="0" bev="0" fileid="10" />
              </SequencePoints>
              <BranchPoints />
              <MethodPoint vc="1" uspid="0" p8:type="SequencePoint" ordinal="1" offset="1" sc="0" sl="12" ec="1" el="12" bec="0" bev="0" fileid="10" xmlns:p8="xsi" />
            </Method>
          </Methods>
        </Class>
        <Class>
          <Summary numSequencePoints="1" visitedSequencePoints="0" numBranchPoints="0" visitedBranchPoints="0" sequenceCoverage="0" branchCoverage="100" maxCyclomaticComplexity="1" minCyclomaticComplexity="1" visitedClasses="0" numClasses="1" visitedMethods="0" numMethods="1" />
          <FullName>Application.Dtos.DeviceStorageOptions</FullName>
          <Methods>
            <Method cyclomaticComplexity="1" nPathComplexity="1" sequenceCoverage="0" branchCoverage="100" isConstructor="False" isGetter="True" isSetter="False" isStatic="True">
              <Summary numSequencePoints="1" visitedSequencePoints="0" numBranchPoints="0" visitedBranchPoints="0" sequenceCoverage="0" branchCoverage="100" maxCyclomaticComplexity="1" minCyclomaticComplexity="1" visitedClasses="0" numClasses="0" visitedMethods="0" numMethods="1" />
              <MetadataToken />
              <Name>System.Boolean Application.Dtos.DeviceStorageOptions::get_UseDatabase()</Name>
              <FileRef uid="11" />
              <SequencePoints>
                <SequencePoint vc="0" uspid="11" ordinal="0" sl="11" sc="1" el="11" ec="2" bec="0" bev="0" fileid="11" />
              </SequencePoints>
              <BranchPoints />
              <MethodPoint vc="0" uspid="0" p8:type="SequencePoint" ordinal="0" offset="0" sc="0" sl="11" ec="1" el="11" bec="0" bev="0" fileid="11" xmlns:p8="xsi" />
            </Method>
          </Methods>
        </Class>
        <Class>
          <Summary numSequencePoints="6" visitedSequencePoints="0" numBranchPoints="0" visitedBranchPoints="0" sequenceCoverage="0" branchCoverage="100" maxCyclomaticComplexity="1" minCyclomaticComplexity="1" visitedClasses="0" numClasses="1" visitedMethods="0" numMethods="6" />
          <FullName>Application.Dtos.DeviceTopLevelData</FullName>
          <Methods>
            <Method cyclomaticComplexity="1" nPathComplexity="1" sequenceCoverage="0" branchCoverage="100" isConstructor="False" isGetter="True" isSetter="False" isStatic="True">
              <Summary numSequencePoints="1" visitedSequencePoints="0" numBranchPoints="0" visitedBranchPoints="0" sequenceCoverage="0" branchCoverage="100" maxCyclomaticComplexity="1" minCyclomaticComplexity="1" visitedClasses="0" numClasses="0" visitedMethods="0" numMethods="1" />
              <MetadataToken />
              <Name>System.String Application.Dtos.DeviceTopLevelData::get_Name()</Name>
              <FileRef uid="12" />
              <SequencePoints>
                <SequencePoint vc="0" uspid="11" ordinal="0" sl="11" sc="1" el="11" ec="2" bec="0" bev="0" fileid="12" />
              </SequencePoints>
              <BranchPoints />
              <MethodPoint vc="0" uspid="0" p8:type="SequencePoint" ordinal="0" offset="0" sc="0" sl="11" ec="1" el="11" bec="0" bev="0" fileid="12" xmlns:p8="xsi" />
            </Method>
            <Method cyclomaticComplexity="1" nPathComplexity="1" sequenceCoverage="0" branchCoverage="100" isConstructor="False" isGetter="True" isSetter="False" isStatic="True">
              <Summary numSequencePoints="1" visitedSequencePoints="0" numBranchPoints="0" visitedBranchPoints="0" sequenceCoverage="0" branchCoverage="100" maxCyclomaticComplexity="1" minCyclomaticComplexity="1" visitedClasses="0" numClasses="0" visitedMethods="0" numMethods="1" />
              <MetadataToken />
              <Name>System.String Application.Dtos.DeviceTopLevelData::get_Type()</Name>
              <FileRef uid="12" />
              <SequencePoints>
                <SequencePoint vc="0" uspid="12" ordinal="0" sl="12" sc="1" el="12" ec="2" bec="0" bev="0" fileid="12" />
              </SequencePoints>
              <BranchPoints />
              <MethodPoint vc="0" uspid="0" p8:type="SequencePoint" ordinal="1" offset="1" sc="0" sl="12" ec="1" el="12" bec="0" bev="0" fileid="12" xmlns:p8="xsi" />
            </Method>
            <Method cyclomaticComplexity="1" nPathComplexity="1" sequenceCoverage="0" branchCoverage="100" isConstructor="False" isGetter="True" isSetter="False" isStatic="True">
[...]
            </Method>
          </Methods>
        </Class>
        <Class>
          <Summary numSequencePoints="13" visitedSequencePoints="0" numBranchPoints="4" visitedBranchPoints="0" sequenceCoverage="0" branchCoverage="0" maxCyclomaticComplexity="4" minCyclomaticComplexity="4" visitedClasses="0" numClasses="1" visitedMethods="0" numMethods="1" />
          <FullName>Infrastructure.Cache.DeviceStateCache/&lt;ParseDeviceFileAsync&gt;d__13</FullName>
          <Methods>
            <Method cyclomaticComplexity="4" nPathComplexity="4" sequenceCoverage="0" branchCoverage="0" isConstructor="False" isGetter="False" isSetter="False" isStatic="True">
              <Summary numSequencePoints="13" visitedSequencePoints="0" numBranchPoints="4" visitedBranchPoints="0" sequenceCoverage="0" branchCoverage="0" maxCyclomaticComplexity="4" minCyclomaticComplexity="4" visitedClasses="0" numClasses="0" visitedMethods="0" numMethods="1" />
              <MetadataToken />
              <Name>System.Void Infrastructure.Cache.DeviceStateCache/&lt;ParseDeviceFileAsync&gt;d__13::MoveNext()</Name>
              <FileRef uid="28" />
              <SequencePoints>
                <SequencePoint vc="0" uspid="122" ordinal="0" sl="122" sc="1" el="122" ec="2" bec="0" bev="0" fileid="28" />
                <SequencePoint vc="0" uspid="123" ordinal="1" sl="123" sc="1" el="123" ec="2" bec="0" bev="0" fileid="28" />
                <SequencePoint vc="0" uspid="124" ordinal="2" sl="124" sc="1" el="124" ec="2" bec="0" bev="0" fileid="28" />
                <SequencePoint vc="0" uspid="126" ordinal="3" sl="126" sc="1" el="126" ec="2" bec="0" bev="0" fileid="28" />
                <SequencePoint vc="0" uspid="127" ordinal="4" sl="127" sc="1" el="127" ec="2" bec="4" bev="0" fileid="28" />
                <SequencePoint vc="0" uspid="128" ordinal="5" sl="128" sc="1" el="128" ec="2" bec="0" bev="0" fileid="28" />
                <SequencePoint vc="0" uspid="129" ordinal="6" sl="129" sc="1" el="129" ec="2" bec="0" bev="0" fileid="28" />
                <SequencePoint vc="0" uspid="131" ordinal="7" sl="131" sc="1" el="131" ec="2" bec="0" bev="0" fileid="28" />
                <SequencePoint vc="0" uspid="132" ordinal="8" sl="132" sc="1" el="132" ec="2" bec="0" bev="0" fileid="28" />
                <SequencePoint vc="0" uspid="133" ordinal="9" sl="133" sc="1" el="133" ec="2" bec="0" bev="0" fileid="28" />
                <SequencePoint vc="0" uspid="134" ordinal="10" sl="134" sc="1" el="134" ec="2" bec="0" bev="0" fileid="28" />
                <SequencePoint vc="0" uspid="135" ordinal="11" sl="135" sc="1" el="135" ec="2" bec="0" bev="0" fileid="28" />
                <SequencePoint vc="0" uspid="136" ordinal="12" sl="136" sc="1" el="136" ec="2" bec="0" bev="0" fileid="28" />
              </SequencePoints>
              <BranchPoints>
                <BranchPoint vc="0" uspid="127" ordinal="0" path="0" offset="235" offsetend="237" sl="127" fileid="28" />
                <BranchPoint vc="0" uspid="127" ordinal="1" path="1" offset="235" offsetend="261" sl="127" fileid="28" />
                <BranchPoint vc="0" uspid="127" ordinal="2" path="0" offset="266" offsetend="268" sl="127" fileid="28" />
                <BranchPoint vc="0" uspid="127" ordinal="3" path="1" offset="266" offsetend="280" sl="127" fileid="28" />
              </BranchPoints>
              <MethodPoint vc="0" uspid="0" p8:type="SequencePoint" ordinal="0" offset="0" sc="0" sl="122" ec="1" el="136" bec="0" bev="0" fileid="28" xmlns:p8="xsi" />
            </Method>
          </Methods>
        </Class>
        <Class>
          <Summary numSequencePoints="21" visitedSequencePoints="0" numBranchPoints="8" visitedBranchPoints="0" sequenceCoverage="0" branchCoverage="0" maxCyclomaticComplexity="8" minCyclomaticComplexity="8" visitedClasses="0" numClasses="1" visitedMethods="0" numMethods="1" />
          <FullName>Infrastructure.Cache.DeviceStateCache/&lt;PersistToDatabaseAsync&gt;d__18</FullName>
          <Methods>
            <Method cyclomaticComplexity="8" nPathComplexity="8" sequenceCoverage="0" branchCoverage="0" isConstructor="False" isGetter="False" isSetter="False" isStatic="True">
              <Summary numSequencePoints="21" visitedSequencePoints="0" numBranchPoints="8" visitedBranchPoints="0" sequenceCoverage="0" branchCoverage="0" maxCyclomaticComplexity="8" minCyclomaticComplexity="8" visitedClasses="0" numClasses="0" visitedMethods="0" numMethods="1" />
              <MetadataToken />
              <Name>System.Void Infrastructure.Cache.DeviceStateCache/&lt;PersistToDatabaseAsync&gt;d__18::MoveNext()</Name>
              <FileRef uid="28" />
              <SequencePoints>
                <SequencePoint vc="0" uspid="189" ordinal="0" sl="189" sc="1" el="189" ec="2" bec="0" bev="0" fileid="28" />
                <SequencePoint vc="0" uspid="190" ordinal="1" sl="190" sc="1" el="190" ec="2" bec="0" bev="0" fileid="28" />
                <SequencePoint vc="0" uspid="191" ordinal="2" sl="191" sc="1" el="191" ec="2" bec="0" bev="0" fileid="28" />
                <SequencePoint vc="0" uspid="192" ordinal="3" sl="192" sc="1" el="192" ec="2" bec="0" bev="0" fileid="28" />
                <SequencePoint vc="0" uspid="194" ordinal="4" sl="194" sc="1" el="194" ec="2" bec="2" bev="0" fileid="28" />
                <SequencePoint vc="0" uspid="195" ordinal="5" sl="195" sc="1" el="195" ec="2" bec="0" bev="0" fileid="28" />
                <SequencePoint vc="0" uspid="196" ordinal="6" sl="196" sc="1" el="196" ec="2" bec="0" bev="0" fileid="28" />
                <SequencePoint vc="0" uspid="197" ordinal="7" sl="197" sc="1" el="197" ec="2" bec="0" bev="0" fileid="28" />
                <SequencePoint vc="0" uspid="198" ordinal="8" sl="198" sc="1" el="198" ec="2" bec="0" bev="0" fileid="28" />
                <SequencePoint vc="0" uspid="199" ordinal="9" sl="199" sc="1" el="199" ec="2" bec="0" bev="0" fileid="28" />
                <SequencePoint vc="0" uspid="201" ordinal="10" sl="201" sc="1" el="201" ec="2" bec="0" bev="0" fileid="28" />
                <SequencePoint vc="0" uspid="202" ordinal="11" sl="202" sc="1" el="202" ec="2" bec="2" bev="0" fileid="28" />
                <SequencePoint vc="0" uspid="203" ordinal="12" sl="203" sc="1" el="203" ec="2" bec="0" bev="0" fileid="28" />
                <SequencePoint vc="0" uspid="205" ordinal="13" sl="205" sc="1" el="205" ec="2" bec="0" bev="0" fileid="28" />
                <SequencePoint vc="0" uspid="206" ordinal="14" sl="206" sc="1" el="206" ec="2" bec="2" bev="0" fileid="28" />
                <SequencePoint vc="0" uspid="207" ordinal="15" sl="207" sc="1" el="207" ec="2" bec="2" bev="0" fileid="28" />
                <SequencePoint vc="0" uspid="210" ordinal="16" sl="210" sc="1" el="210" ec="2" bec="0" bev="0" fileid="28" />
                <SequencePoint vc="0" uspid="211" ordinal="17" sl="211" sc="1" el="211" ec="2" bec="0" bev="0" fileid="28" />
                <SequencePoint vc="0" uspid="212" ordinal="18" sl="212" sc="1" el="212" ec="2" bec="0" bev="0" fileid="28" />
                <SequencePoint vc="0" uspid="213" ordinal="19" sl="213" sc="1" el="213" ec="2" bec="0" bev="0" fileid="28" />
                <SequencePoint vc="0" uspid="214" ordinal="20" sl="214" sc="1" el="214" ec="2" bec="0" bev="0" fileid="28" />
              </SequencePoints>
              <BranchPoints>
                <BranchPoint vc="0" uspid="194" ordinal="7" path="1" offset="836" offsetend="253" sl="194" fileid="28" />
                <BranchPoint vc="0" uspid="202" ordinal="0" path="0" offset="632" offsetend="637" sl="202" fileid="28" />
                <BranchPoint vc="0" uspid="206" ordinal="2" path="0" offset="705" offsetend="707" sl="206" fileid="28" />
                <BranchPoint vc="0" uspid="206" ordinal="3" path="1" offset="705" offsetend="711" sl="206" fileid="28" />
                <BranchPoint vc="0" uspid="207" ordinal="4" path="0" offset="750" offsetend="752" sl="207" fileid="28" />
                <BranchPoint vc="0" uspid="207" ordinal="5" path="1" offset="750" offsetend="756" sl="207" fileid="28" />
                <BranchPoint vc="0" uspid="202" ordinal="1" path="1" offset="632" offsetend="791" sl="202" fileid="28" />
                <BranchPoint vc="0" uspid="194" ordinal="6" path="0" offset="836" offsetend="841" sl="194" fileid="28" />
              </BranchPoints>
              <MethodPoint vc="0" uspid="0" p8:type="SequencePoint" ordinal="0" offset="0" sc="0" sl="189" ec="1" el="214" bec="0" bev="0" fileid="28" xmlns:p8="xsi" />
            </Method>
          </Methods>
        </Class>
        <Class>
          <Summary numSequencePoints="15" visitedSequencePoints="0" numBranchPoints="4" visitedBranchPoints="0" sequenceCoverage="0" branchCoverage="0" maxCyclomaticComplexity="4" minCyclomaticComplexity="4" visitedClasses="0" numClasses="1" visitedMethods="0" numMethods="1" />
          <FullName>Infrastructure.Cache.DeviceStateCache/&lt;PersistToDiskAsync&gt;d__17</FullName>
          <Methods>
            <Method cyclomaticComplexity="4" nPathComplexity="4" sequenceCoverage="0" branchCoverage="0" isConstructor="False" isGetter="False" isSetter="False" isStatic="True">
              <Summary numSequencePoints="15" visitedSequencePoints="0" numBranchPoints="4" visitedBranchPoints="0" sequenceCoverage="0" branchCoverage="0" maxCyclomaticComplexity="4" minCyclomaticComplexity="4" visitedClasses="0" numClasses="0" visitedMethods="0" numMethods="1" />
              <MetadataToken />
              <Name>System.Void Infrastructure.Cache.DeviceStateCache/&lt;PersistToDiskAsync&gt;d__17::MoveNext()</Name>
              <FileRef uid="28" />
              <SequencePoints>
                <SequencePoint vc="0" uspid="169" ordinal="0" sl="169" sc="1" el="169" ec="2" bec="2" bev="0" fileid="28" />
                <SequencePoint vc="0" uspid="170" ordinal="1" sl="170" sc="1" el="170" ec="2" bec="0" bev="0" fileid="28" />
                <SequencePoint vc="0" uspid="172" ordinal="2" sl="172" sc="1" el="172" ec="2" bec="0" bev="0" fileid="28" />
                <SequencePoint vc="0" uspid="173" ordinal="3" sl="173" sc="1" el="173" ec="2" bec="2" bev="0" fileid="28" />
                <SequencePoint vc="0" uspid="174" ordinal="4" sl="174" sc="1" el="174" ec="2" bec="0" bev="0" fileid="28" />
                <SequencePoint vc="0" uspid="175" ordinal="5" sl="175" sc="1" el="175" ec="2" bec="0" bev="0" fileid="28" />
                <SequencePoint vc="0" uspid="176" ordinal="6" sl="176" sc="1" el="176" ec="2" bec="0" bev="0" fileid="28" />
                <SequencePoint vc="0" uspid="178" ordinal="7" sl="178" sc="1" el="178" ec="2" bec="0" bev="0" fileid="28" />
                <SequencePoint vc="0" uspid="179" ordinal="8" sl="179" sc="1" el="179" ec="2" bec="0" bev="0" fileid="28" />
                <SequencePoint vc="0" uspid="180" ordinal="9" sl="180" sc="1" el="180" ec="2" bec="0" bev="0" fileid="28" />
                <SequencePoint vc="0" uspid="181" ordinal="10" sl="181" sc="1" el="181" ec="2" bec="0" bev="0" fileid="28" />
                <SequencePoint vc="0" uspid="183" ordinal="11" sl="183" sc="1" el="183" ec="2" bec="0" bev="0" fileid="28" />
                <SequencePoint vc="0" uspid="184" ordinal="12" sl="184" sc="1" el="184" ec="2" bec="0" bev="0" fileid="28" />
                <SequencePoint vc="0" uspid="185" ordinal="13" sl="185" sc="1" el="185" ec="2" bec="0" bev="0" fileid="28" />
                <SequencePoint vc="0" uspid="186" ordinal="14" sl="186" sc="1" el="186" ec="2" bec="0" bev="0" fileid="28" />
              </SequencePoints>
              <BranchPoints>
                <BranchPoint vc="0" uspid="169" ordinal="0" path="0" offset="16" offsetend="24" sl="169" fileid="28" />
                <BranchPoint vc="0" uspid="169" ordinal="1" path="1" offset="16" offsetend="125" sl="169" fileid="28" />
                <BranchPoint vc="0" uspid="173" ordinal="2" path="0" offset="159" offsetend="161" sl="173" fileid="28" />
                <BranchPoint vc="0" uspid="173" ordinal="3" path="1" offset="159" offsetend="269" sl="173" fileid="28" />
              </BranchPoints>
              <MethodPoint vc="0" uspid="0" p8:type="SequencePoint" ordinal="0" offset="0" sc="0" sl="169" ec="1" el="186" bec="0" bev="0" fileid="28" xmlns:p8="xsi" />
            </Method>
          </Methods>
        </Class>
        <Class>
          <Summary numSequencePoints="17" visitedSequencePoints="0" numBranchPoints="6" visitedBranchPoints="0" sequenceCoverage="0" branchCoverage="0" maxCyclomaticComplexity="6" minCyclomaticComplexity="6" visitedClasses="0" numClasses="1" visitedMethods="0" numMethods="1" />
          <FullName>Infrastructure.Cache.DeviceStateCache/&lt;PersistToFilesAsync&gt;d__19</FullName>
          <Methods>
            <Method cyclomaticComplexity="6" nPathComplexity="6" sequenceCoverage="0" branchCoverage="0" isConstructor="False" isGetter="False" isSetter="False" isStatic="True">
              <Summary numSequencePoints="17" visitedSequencePoints="0" numBranchPoints="6" visitedBranchPoints="0" sequenceCoverage="0" branchCoverage="0" maxCyclomaticComplexity="6" minCyclomaticComplexity="6" visitedClasses="0" numClasses="0" visitedMethods="0" numMethods="1" />
              <MetadataToken />
              <Name>System.Void Infrastructure.Cache.DeviceStateCache/&lt;PersistToFilesAsync&gt;d__19::MoveNext()</Name>
              <FileRef uid="28" />
              <SequencePoints>
                <SequencePoint vc="0" uspid="217" ordinal="0" sl="217" sc="1" el="217" ec="2" bec="0" bev="0" fileid="28" />
                <SequencePoint vc="0" uspid="218" ordinal="1" sl="218" sc="1" el="218" ec="2" bec="2" bev="0" fileid="28" />
                <SequencePoint vc="0" uspid="219" ordinal="2" sl="219" sc="1" el="219" ec="2" bec="0" bev="0" fileid="28" />
                <SequencePoint vc="0" uspid="220" ordinal="3" sl="220" sc="1" el="220" ec="2" bec="0" bev="0" fileid="28" />
                <SequencePoint vc="0" uspid="221" ordinal="4" sl="221" sc="1" el="221" ec="2" bec="0" bev="0" fileid="28" />
                <SequencePoint vc="0" uspid="222" ordinal="5" sl="222" sc="1" el="222" ec="2" bec="0" bev="0" fileid="28" />
                <SequencePoint vc="0" uspid="224" ordinal="6" sl="224" sc="1" el="224" ec="2" bec="0" bev="0" fileid="28" />
                <SequencePoint vc="0" uspid="225" ordinal="7" sl="225" sc="1" el="225" ec="2" bec="2" bev="0" fileid="28" />
                <SequencePoint vc="0" uspid="226" ordinal="8" sl="226" sc="1" el="226" ec="2" bec="2" bev="0" fileid="28" />
                <SequencePoint vc="0" uspid="227" ordinal="9" sl="227" sc="1" el="227" ec="2" bec="0" bev="0" fileid="28" />
                <SequencePoint vc="0" uspid="228" ordinal="10" sl="228" sc="1" el="228" ec="2" bec="0" bev="0" fileid="28" />
                <SequencePoint vc="0" uspid="229" ordinal="11" sl="229" sc="1" el="229" ec="2" bec="0" bev="0" fileid="28" />
                <SequencePoint vc="0" uspid="230" ordinal="12" sl="230" sc="1" el="230" ec="2" bec="0" bev="0" fileid="28" />
                <SequencePoint vc="0" uspid="231" ordinal="13" sl="231" sc="1" el="231" ec="2" bec="0" bev="0" fileid="28" />
                <SequencePoint vc="0" uspid="232" ordinal="14" sl="232" sc="1" el="232" ec="2" bec="0" bev="0" fileid="28" />
                <SequencePoint vc="0" uspid="233" ordinal="15" sl="233" sc="1" el="233" ec="2" bec="0" bev="0" fileid="28" />
                <SequencePoint vc="0" uspid="234" ordinal="16" sl="234" sc="1" el="234" ec="2" bec="0" bev="0" fileid="28" />
              </SequencePoints>
              <BranchPoints>
                <BranchPoint vc="0" uspid="218" ordinal="5" path="1" offset="420" offsetend="54" sl="218" fileid="28" />
                <BranchPoint vc="0" uspid="225" ordinal="0" path="0" offset="197" offsetend="199" sl="225" fileid="28" />
                <BranchPoint vc="0" uspid="225" ordinal="1" path="1" offset="197" offsetend="205" sl="225" fileid="28" />
                <BranchPoint vc="0" uspid="226" ordinal="2" path="0" offset="228" offsetend="233" sl="226" fileid="28" />
                <BranchPoint vc="0" uspid="226" ordinal="3" path="1" offset="228" offsetend="375" sl="226" fileid="28" />
                <BranchPoint vc="0" uspid="218" ordinal="4" path="0" offset="420" offsetend="425" sl="218" fileid="28" />
              </BranchPoints>
              <MethodPoint vc="0" uspid="0" p8:type="SequencePoint" ordinal="0" offset="0" sc="0" sl="217" ec="1" el="234" bec="0" bev="0" fileid="28" xmlns:p8="xsi" />
            </Method>
          </Methods>
        </Class>
        <Class>
          <Summary numSequencePoints="12" visitedSequencePoints="0" numBranchPoints="2" visitedBranchPoints="0" sequenceCoverage="0" branchCoverage="0" maxCyclomaticComplexity="2" minCyclomaticComplexity="2" visitedClasses="0" numClasses="1" visitedMethods="0" numMethods="1" />
          <FullName>Infrastructure.Cache.DeviceStateCache/&lt;WithLock&gt;d__15</FullName>
          <Methods>
            <Method cyclomaticComplexity="2" nPathComplexity="2" sequenceCoverage="0" branchCoverage="0" isConstructor="False" isGetter="False" isSetter="False" isStatic="True">
              <Summary numSequencePoints="12" visitedSequencePoints="0" numBranchPoints="2" visitedBranchPoints="0" sequenceCoverage="0" branchCoverage="0" maxCyclomaticComplexity="2" minCyclomaticComplexity="2" visitedClasses="0" numClasses="0" visitedMethods="0" numMethods="1" />
              <MetadataToken />
              <Name>System.Void Infrastructure.Cache.DeviceStateCache/&lt;WithLock&gt;d__15::MoveNext()</Name>
              <FileRef uid="28" />
              <SequencePoints>
                <SequencePoint vc="0" uspid="144" ordinal="0" sl="144" sc="1" el="144" ec="2" bec="0" bev="0" fileid="28" />
                <SequencePoint vc="0" uspid="146" ordinal="1" sl="146" sc="1" el="146" ec="2" bec="0" bev="0" fileid="28" />
                <SequencePoint vc="0" uspid="148" ordinal="2" sl="148" sc="1" el="148" ec="2" bec="0" bev="0" fileid="28" />
                <SequencePoint vc="0" uspid="149" ordinal="3" sl="149" sc="1" el="149" ec="2" bec="2" bev="0" fileid="28" />
                <SequencePoint vc="0" uspid="150" ordinal="4" sl="150" sc="1" el="150" ec="2" bec="0" bev="0" fileid="28" />
                <SequencePoint vc="0" uspid="151" ordinal="5" sl="151" sc="1" el="151" ec="2" bec="0" bev="0" fileid="28" />
                <SequencePoint vc="0" uspid="152" ordinal="6" sl="152" sc="1" el="152" ec="2" bec="0" bev="0" fileid="28" />
                <SequencePoint vc="0" uspid="153" ordinal="7" sl="153" sc="1" el="153" ec="2" bec="0" bev="0" fileid="28" />
                <SequencePoint vc="0" uspid="155" ordinal="8" sl="155" sc="1" el="155" ec="2" bec="0" bev="0" fileid="28" />
                <SequencePoint vc="0" uspid="156" ordinal="9" sl="156" sc="1" el="156" ec="2" bec="0" bev="0" fileid="28" />
                <SequencePoint vc="0" uspid="157" ordinal="10" sl="157" sc="1" el="157" ec="2" bec="0" bev="0" fileid="28" />
                <SequencePoint vc="0" uspid="158" ordinal="11" sl="158" sc="1" el="158" ec="2" bec="0" bev="0" fileid="28" />
              </SequencePoints>
              <BranchPoints>
                <BranchPoint vc="0" uspid="149" ordinal="0" path="0" offset="229" offsetend="231" sl="149" fileid="28" />
                <BranchPoint vc="0" uspid="149" ordinal="1" path="1" offset="229" offsetend="348" sl="149" fileid="28" />
              </BranchPoints>
              <MethodPoint vc="0" uspid="0" p8:type="SequencePoint" ordinal="0" offset="0" sc="0" sl="144" ec="1" el="158" bec="0" bev="0" fileid="28" xmlns:p8="xsi" />
            </Method>
          </Methods>
        </Class>
      </Classes>
    </Module>
  </Modules>
</CoverageSession>